<?xml version="1.0" encoding="UTF-8"?>
<coverage generated="1780809936191" clover="3.2.0">
  <project timestamp="1780809936191" name="All files">
    <metrics statements="268" coveredstatements="266" conditionals="195" coveredconditionals="153" methods="43" coveredmethods="43" elements="506" coveredelements="462" complexity="0" loc="268" ncloc="268" packages="1" files="7" classes="7"/>
    <file name="brrrr.js" path="/Users/abdulrehman/Desktop/Harrisburg/ISEM 564/Real estate project/lib/brrrr.js">
      <metrics statements="25" coveredstatements="24" conditionals="20" coveredconditionals="17" methods="2" coveredmethods="2"/>
      <line num="5" count="8" type="stmt"/>
      <line num="7" count="1" type="stmt"/>
      <line num="12" count="2" type="stmt"/>
      <line num="14" count="2" type="stmt"/>
      <line num="18" count="2" type="stmt"/>
      <line num="23" count="2" type="stmt"/>
      <line num="26" count="2" type="stmt"/>
      <line num="27" count="2" type="stmt"/>
      <line num="28" count="2" type="stmt"/>
      <line num="29" count="2" type="stmt"/>
      <line num="30" count="2" type="stmt"/>
      <line num="31" count="2" type="stmt"/>
      <line num="34" count="2" type="stmt"/>
      <line num="35" count="2" type="stmt"/>
      <line num="36" count="2" type="stmt"/>
      <line num="38" count="2" type="stmt"/>
      <line num="39" count="2" type="stmt"/>
      <line num="40" count="2" type="cond" truecount="2" falsecount="0"/>
      <line num="41" count="2" type="cond" truecount="2" falsecount="0"/>
      <line num="44" count="2" type="stmt"/>
      <line num="45" count="2" type="cond" truecount="1" falsecount="1"/>
      <line num="46" count="2" type="cond" truecount="1" falsecount="1"/>
      <line num="47" count="2" type="cond" truecount="5" falsecount="1"/>
      <line num="48" count="0" type="stmt"/>
      <line num="50" count="2" type="stmt"/>
    </file>
    <file name="commercial.js" path="/Users/abdulrehman/Desktop/Harrisburg/ISEM 564/Real estate project/lib/commercial.js">
      <metrics statements="53" coveredstatements="53" conditionals="49" coveredconditionals="34" methods="7" coveredmethods="7"/>
      <line num="4" count="70" type="stmt"/>
      <line num="6" count="1" type="stmt"/>
      <line num="14" count="6" type="stmt"/>
      <line num="16" count="6" type="stmt"/>
      <line num="19" count="6" type="cond" truecount="1" falsecount="1"/>
      <line num="20" count="6" type="cond" truecount="2" falsecount="2"/>
      <line num="21" count="6" type="cond" truecount="2" falsecount="2"/>
      <line num="22" count="6" type="stmt"/>
      <line num="23" count="6" type="stmt"/>
      <line num="24" count="6" type="stmt"/>
      <line num="25" count="6" type="stmt"/>
      <line num="28" count="6" type="cond" truecount="3" falsecount="0"/>
      <line num="29" count="6" type="cond" truecount="2" falsecount="0"/>
      <line num="30" count="6" type="stmt"/>
      <line num="32" count="6" type="cond" truecount="1" falsecount="1"/>
      <line num="33" count="6" type="cond" truecount="1" falsecount="1"/>
      <line num="34" count="6" type="cond" truecount="1" falsecount="1"/>
      <line num="35" count="6" type="cond" truecount="1" falsecount="1"/>
      <line num="36" count="6" type="cond" truecount="1" falsecount="1"/>
      <line num="38" count="6" type="stmt"/>
      <line num="42" count="6" type="stmt"/>
      <line num="43" count="6" type="stmt"/>
      <line num="44" count="6" type="cond" truecount="1" falsecount="1"/>
      <line num="46" count="6" type="cond" truecount="1" falsecount="1"/>
      <line num="47" count="6" type="cond" truecount="1" falsecount="1"/>
      <line num="48" count="6" type="cond" truecount="1" falsecount="1"/>
      <line num="50" count="6" type="stmt"/>
      <line num="63" count="1" type="stmt"/>
      <line num="64" count="1" type="stmt"/>
      <line num="68" count="1" type="stmt"/>
      <line num="70" count="1" type="stmt"/>
      <line num="71" count="1" type="stmt"/>
      <line num="73" count="1" type="stmt"/>
      <line num="74" count="1" type="stmt"/>
      <line num="76" count="1" type="stmt"/>
      <line num="77" count="5" type="stmt"/>
      <line num="78" count="5" type="stmt"/>
      <line num="79" count="5" type="stmt"/>
      <line num="80" count="5" type="stmt"/>
      <line num="82" count="5" type="cond" truecount="2" falsecount="0"/>
      <line num="83" count="4" type="stmt"/>
      <line num="84" count="4" type="stmt"/>
      <line num="86" count="1" type="stmt"/>
      <line num="87" count="1" type="stmt"/>
      <line num="88" count="1" type="stmt"/>
      <line num="89" count="1" type="stmt"/>
      <line num="90" count="1" type="stmt"/>
      <line num="94" count="1" type="stmt"/>
      <line num="95" count="1" type="stmt"/>
      <line num="96" count="1" type="cond" truecount="3" falsecount="1"/>
      <line num="98" count="5" type="stmt"/>
      <line num="99" count="1" type="stmt"/>
      <line num="101" count="1" type="stmt"/>
    </file>
    <file name="constants.js" path="/Users/abdulrehman/Desktop/Harrisburg/ISEM 564/Real estate project/lib/constants.js">
      <metrics statements="3" coveredstatements="3" conditionals="0" coveredconditionals="0" methods="0" coveredmethods="0"/>
      <line num="1" count="5" type="stmt"/>
      <line num="28" count="5" type="stmt"/>
      <line num="39" count="5" type="stmt"/>
    </file>
    <file name="finance.js" path="/Users/abdulrehman/Desktop/Harrisburg/ISEM 564/Real estate project/lib/finance.js">
      <metrics statements="69" coveredstatements="68" conditionals="63" coveredconditionals="49" methods="18" coveredmethods="18"/>
      <line num="1" count="4" type="stmt"/>
      <line num="2" count="21" type="cond" truecount="1" falsecount="1"/>
      <line num="3" count="21" type="stmt"/>
      <line num="4" count="21" type="cond" truecount="1" falsecount="1"/>
      <line num="5" count="21" type="stmt"/>
      <line num="6" count="21" type="cond" truecount="2" falsecount="0"/>
      <line num="7" count="16" type="stmt"/>
      <line num="10" count="4" type="stmt"/>
      <line num="11" count="14" type="stmt"/>
      <line num="13" count="4" type="cond" truecount="2" falsecount="0"/>
      <line num="14" count="10" type="cond" truecount="2" falsecount="0"/>
      <line num="15" count="9" type="stmt"/>
      <line num="16" count="9" type="stmt"/>
      <line num="17" count="9" type="cond" truecount="1" falsecount="3"/>
      <line num="18" count="9" type="stmt"/>
      <line num="21" count="4" type="stmt"/>
      <line num="22" count="16" type="cond" truecount="1" falsecount="1"/>
      <line num="23" count="16" type="stmt"/>
      <line num="24" count="16" type="stmt"/>
      <line num="25" count="16" type="stmt"/>
      <line num="26" count="16" type="cond" truecount="1" falsecount="1"/>
      <line num="27" count="16" type="stmt"/>
      <line num="30" count="4" type="stmt"/>
      <line num="31" count="286" type="stmt"/>
      <line num="33" count="4" type="stmt"/>
      <line num="34" count="21" type="cond" truecount="2" falsecount="0"/>
      <line num="36" count="4" type="cond" truecount="4" falsecount="0"/>
      <line num="37" count="7" type="cond" truecount="3" falsecount="1"/>
      <line num="38" count="7" type="cond" truecount="2" falsecount="0"/>
      <line num="40" count="6" type="stmt"/>
      <line num="41" count="6" type="stmt"/>
      <line num="42" count="33" type="stmt"/>
      <line num="43" count="33" type="stmt"/>
      <line num="44" count="164" type="stmt"/>
      <line num="45" count="164" type="stmt"/>
      <line num="46" count="164" type="cond" truecount="2" falsecount="0"/>
      <line num="48" count="33" type="cond" truecount="2" falsecount="0"/>
      <line num="49" count="28" type="cond" truecount="1" falsecount="1"/>
      <line num="50" count="28" type="stmt"/>
      <line num="51" count="28" type="cond" truecount="4" falsecount="0"/>
      <line num="52" count="27" type="stmt"/>
      <line num="55" count="1" type="stmt"/>
      <line num="56" count="1" type="stmt"/>
      <line num="57" count="1" type="cond" truecount="1" falsecount="1"/>
      <line num="58" count="1" type="stmt"/>
      <line num="59" count="45" type="stmt"/>
      <line num="60" count="45" type="stmt"/>
      <line num="61" count="45" type="cond" truecount="2" falsecount="0"/>
      <line num="62" count="44" type="cond" truecount="2" falsecount="0"/>
      <line num="63" count="24" type="stmt"/>
      <line num="65" count="0" type="stmt"/>
      <line num="68" count="4" type="stmt"/>
      <line num="69" count="19" type="cond" truecount="2" falsecount="0"/>
      <line num="71" count="4" type="stmt"/>
      <line num="72" count="19" type="cond" truecount="2" falsecount="0"/>
      <line num="74" count="4" type="cond" truecount="1" falsecount="0"/>
      <line num="75" count="8" type="stmt"/>
      <line num="76" count="8" type="stmt"/>
      <line num="77" count="8" type="cond" truecount="1" falsecount="1"/>
      <line num="78" count="8" type="cond" truecount="3" falsecount="1"/>
      <line num="79" count="8" type="stmt"/>
      <line num="84" count="24" type="cond" truecount="2" falsecount="0"/>
      <line num="85" count="8" type="stmt"/>
      <line num="95" count="4" type="stmt"/>
      <line num="96" count="2" type="cond" truecount="1" falsecount="1"/>
      <line num="98" count="4" type="stmt"/>
      <line num="99" count="4" type="stmt"/>
      <line num="101" count="4" type="stmt"/>
      <line num="102" count="19" type="cond" truecount="1" falsecount="1"/>
    </file>
    <file name="residential.js" path="/Users/abdulrehman/Desktop/Harrisburg/ISEM 564/Real estate project/lib/residential.js">
      <metrics statements="57" coveredstatements="57" conditionals="28" coveredconditionals="23" methods="5" coveredmethods="5"/>
      <line num="4" count="61" type="stmt"/>
      <line num="6" count="2" type="stmt"/>
      <line num="11" count="5" type="stmt"/>
      <line num="13" count="5" type="stmt"/>
      <line num="14" count="5" type="stmt"/>
      <line num="15" count="5" type="stmt"/>
      <line num="16" count="5" type="stmt"/>
      <line num="19" count="5" type="stmt"/>
      <line num="20" count="5" type="stmt"/>
      <line num="21" count="5" type="stmt"/>
      <line num="24" count="5" type="stmt"/>
      <line num="25" count="5" type="stmt"/>
      <line num="26" count="5" type="stmt"/>
      <line num="27" count="5" type="stmt"/>
      <line num="28" count="5" type="stmt"/>
      <line num="31" count="5" type="stmt"/>
      <line num="34" count="5" type="stmt"/>
      <line num="35" count="5" type="stmt"/>
      <line num="36" count="5" type="stmt"/>
      <line num="39" count="5" type="cond" truecount="1" falsecount="1"/>
      <line num="40" count="5" type="cond" truecount="1" falsecount="1"/>
      <line num="41" count="5" type="cond" truecount="1" falsecount="1"/>
      <line num="42" count="5" type="cond" truecount="1" falsecount="1"/>
      <line num="43" count="5" type="stmt"/>
      <line num="44" count="5" type="stmt"/>
      <line num="45" count="5" type="cond" truecount="1" falsecount="1"/>
      <line num="47" count="5" type="stmt"/>
      <line num="48" count="5" type="cond" truecount="4" falsecount="0"/>
      <line num="49" count="5" type="cond" truecount="2" falsecount="0"/>
      <line num="50" count="5" type="cond" truecount="2" falsecount="0"/>
      <line num="52" count="5" type="stmt"/>
      <line num="62" count="2" type="stmt"/>
      <line num="63" count="2" type="stmt"/>
      <line num="67" count="2" type="stmt"/>
      <line num="69" count="2" type="stmt"/>
      <line num="70" count="2" type="stmt"/>
      <line num="71" count="2" type="stmt"/>
      <line num="73" count="2" type="stmt"/>
      <line num="74" count="2" type="stmt"/>
      <line num="75" count="10" type="stmt"/>
      <line num="76" count="10" type="stmt"/>
      <line num="77" count="10" type="stmt"/>
      <line num="78" count="10" type="stmt"/>
      <line num="79" count="10" type="stmt"/>
      <line num="80" count="10" type="stmt"/>
      <line num="81" count="10" type="stmt"/>
      <line num="82" count="10" type="stmt"/>
      <line num="83" count="10" type="stmt"/>
      <line num="87" count="2" type="stmt"/>
      <line num="88" count="2" type="stmt"/>
      <line num="89" count="2" type="stmt"/>
      <line num="90" count="10" type="cond" truecount="2" falsecount="0"/>
      <line num="92" count="2" type="stmt"/>
      <line num="93" count="2" type="stmt"/>
      <line num="94" count="10" type="cond" truecount="2" falsecount="0"/>
      <line num="96" count="2" type="stmt"/>
      <line num="98" count="2" type="stmt"/>
    </file>
    <file name="schemas.js" path="/Users/abdulrehman/Desktop/Harrisburg/ISEM 564/Real estate project/lib/schemas.js">
      <metrics statements="10" coveredstatements="10" conditionals="2" coveredconditionals="2" methods="2" coveredmethods="2"/>
      <line num="3" count="1" type="stmt"/>
      <line num="4" count="1" type="stmt"/>
      <line num="6" count="1" type="stmt"/>
      <line num="26" count="1" type="stmt"/>
      <line num="32" count="1" type="stmt"/>
      <line num="57" count="1" type="stmt"/>
      <line num="58" count="5" type="stmt"/>
      <line num="59" count="5" type="cond" truecount="2" falsecount="0"/>
      <line num="60" count="16" type="stmt"/>
      <line num="61" count="3" type="stmt"/>
    </file>
    <file name="scoring.js" path="/Users/abdulrehman/Desktop/Harrisburg/ISEM 564/Real estate project/lib/scoring.js">
      <metrics statements="51" coveredstatements="51" conditionals="33" coveredconditionals="28" methods="9" coveredmethods="9"/>
      <line num="3" count="50" type="cond" truecount="2" falsecount="0"/>
      <line num="4" count="40" type="stmt"/>
      <line num="5" count="1" type="stmt"/>
      <line num="7" count="1" type="stmt"/>
      <line num="12" count="1" type="stmt"/>
      <line num="13" count="5" type="stmt"/>
      <line num="14" count="5" type="stmt"/>
      <line num="15" count="5" type="stmt"/>
      <line num="17" count="5" type="stmt"/>
      <line num="18" count="5" type="stmt"/>
      <line num="19" count="5" type="stmt"/>
      <line num="21" count="5" type="stmt"/>
      <line num="22" count="5" type="stmt"/>
      <line num="23" count="5" type="stmt"/>
      <line num="25" count="5" type="cond" truecount="1" falsecount="1"/>
      <line num="27" count="5" type="stmt"/>
      <line num="28" count="5" type="stmt"/>
      <line num="29" count="5" type="stmt"/>
      <line num="31" count="5" type="cond" truecount="1" falsecount="1"/>
      <line num="33" count="5" type="stmt"/>
      <line num="35" count="5" type="stmt"/>
      <line num="38" count="5" type="stmt"/>
      <line num="39" count="5" type="cond" truecount="2" falsecount="0"/>
      <line num="40" count="2" type="cond" truecount="1" falsecount="1"/>
      <line num="41" count="2" type="cond" truecount="1" falsecount="1"/>
      <line num="42" count="2" type="cond" truecount="1" falsecount="1"/>
      <line num="44" count="5" type="stmt"/>
      <line num="47" count="1" type="stmt"/>
      <line num="48" count="4" type="stmt"/>
      <line num="49" count="4" type="cond" truecount="2" falsecount="0"/>
      <line num="50" count="1" type="stmt"/>
      <line num="51" count="4" type="cond" truecount="2" falsecount="0"/>
      <line num="52" count="1" type="stmt"/>
      <line num="53" count="4" type="cond" truecount="2" falsecount="0"/>
      <line num="54" count="1" type="stmt"/>
      <line num="55" count="4" type="cond" truecount="4" falsecount="0"/>
      <line num="56" count="2" type="stmt"/>
      <line num="57" count="4" type="cond" truecount="4" falsecount="0"/>
      <line num="58" count="1" type="stmt"/>
      <line num="59" count="4" type="cond" truecount="5" falsecount="0"/>
      <line num="60" count="2" type="stmt"/>
      <line num="61" count="4" type="stmt"/>
      <line num="64" count="1" type="stmt"/>
      <line num="77" count="1" type="stmt"/>
      <line num="78" count="1" type="stmt"/>
      <line num="79" count="10" type="stmt"/>
      <line num="80" count="10" type="stmt"/>
      <line num="88" count="1" type="stmt"/>
      <line num="89" count="1" type="stmt"/>
      <line num="90" count="9" type="stmt"/>
      <line num="92" count="1" type="stmt"/>
    </file>
  </project>
</coverage>
