{"/Users/abdulrehman/Desktop/Harrisburg/ISEM 564/Real estate project/lib/brrrr.js": {"path":"/Users/abdulrehman/Desktop/Harrisburg/ISEM 564/Real estate project/lib/brrrr.js","statementMap":{"0":{"start":{"line":5,"column":13},"end":{"line":5,"column":27}},"1":{"start":{"line":5,"column":20},"end":{"line":5,"column":27}},"2":{"start":{"line":7,"column":28},"end":{"line":58,"column":1}},"3":{"start":{"line":12,"column":6},"end":{"line":12,"column":11}},"4":{"start":{"line":14,"column":19},"end":{"line":14,"column":21}},"5":{"start":{"line":18,"column":13},"end":{"line":22,"column":4}},"6":{"start":{"line":23,"column":14},"end":{"line":23,"column":21}},"7":{"start":{"line":26,"column":26},"end":{"line":26,"column":66}},"8":{"start":{"line":27,"column":30},"end":{"line":27,"column":57}},"9":{"start":{"line":28,"column":24},"end":{"line":28,"column":86}},"10":{"start":{"line":29,"column":20},"end":{"line":29,"column":57}},"11":{"start":{"line":30,"column":21},"end":{"line":30,"column":46}},"12":{"start":{"line":31,"column":20},"end":{"line":31,"column":78}},"13":{"start":{"line":34,"column":19},"end":{"line":34,"column":38}},"14":{"start":{"line":35,"column":25},"end":{"line":35,"column":45}},"15":{"start":{"line":36,"column":18},"end":{"line":36,"column":38}},"16":{"start":{"line":38,"column":31},"end":{"line":38,"column":91}},"17":{"start":{"line":39,"column":27},"end":{"line":39,"column":54}},"18":{"start":{"line":40,"column":22},"end":{"line":40,"column":83}},"19":{"start":{"line":41,"column":25},"end":{"line":41,"column":68}},"20":{"start":{"line":44,"column":21},"end":{"line":44,"column":69}},"21":{"start":{"line":45,"column":2},"end":{"line":45,"column":null}},"22":{"start":{"line":45,"column":34},"end":{"line":45,"column":null}},"23":{"start":{"line":46,"column":2},"end":{"line":46,"column":null}},"24":{"start":{"line":46,"column":29},"end":{"line":46,"column":null}},"25":{"start":{"line":47,"column":2},"end":{"line":48,"column":null}},"26":{"start":{"line":48,"column":4},"end":{"line":48,"column":null}},"27":{"start":{"line":50,"column":2},"end":{"line":57,"column":null}}},"fnMap":{"0":{"name":"(anonymous_0)","decl":{"start":{"line":5,"column":13},"end":{"line":5,"column":14}},"loc":{"start":{"line":5,"column":20},"end":{"line":5,"column":27}},"line":5},"1":{"name":"(anonymous_1)","decl":{"start":{"line":7,"column":28},"end":{"line":7,"column":29}},"loc":{"start":{"line":7,"column":39},"end":{"line":58,"column":1}},"line":7}},"branchMap":{"0":{"loc":{"start":{"line":9,"column":19},"end":{"line":9,"column":34}},"type":"default-arg","locations":[{"start":{"line":9,"column":33},"end":{"line":9,"column":34}}],"line":9},"1":{"loc":{"start":{"line":10,"column":4},"end":{"line":10,"column":26}},"type":"default-arg","locations":[{"start":{"line":10,"column":25},"end":{"line":10,"column":26}}],"line":10},"2":{"loc":{"start":{"line":10,"column":28},"end":{"line":10,"column":45}},"type":"default-arg","locations":[{"start":{"line":10,"column":44},"end":{"line":10,"column":45}}],"line":10},"3":{"loc":{"start":{"line":10,"column":47},"end":{"line":10,"column":62}},"type":"default-arg","locations":[{"start":{"line":10,"column":61},"end":{"line":10,"column":62}}],"line":10},"4":{"loc":{"start":{"line":10,"column":64},"end":{"line":10,"column":84}},"type":"default-arg","locations":[{"start":{"line":10,"column":83},"end":{"line":10,"column":84}}],"line":10},"5":{"loc":{"start":{"line":11,"column":23},"end":{"line":11,"column":42}},"type":"default-arg","locations":[{"start":{"line":11,"column":40},"end":{"line":11,"column":42}}],"line":11},"6":{"loc":{"start":{"line":40,"column":22},"end":{"line":40,"column":83}},"type":"cond-expr","locations":[{"start":{"line":40,"column":43},"end":{"line":40,"column":76}},{"start":{"line":40,"column":79},"end":{"line":40,"column":83}}],"line":40},"7":{"loc":{"start":{"line":41,"column":25},"end":{"line":41,"column":68}},"type":"binary-expr","locations":[{"start":{"line":41,"column":25},"end":{"line":41,"column":44}},{"start":{"line":41,"column":48},"end":{"line":41,"column":68}}],"line":41},"8":{"loc":{"start":{"line":45,"column":2},"end":{"line":45,"column":null}},"type":"if","locations":[{"start":{"line":45,"column":2},"end":{"line":45,"column":null}},{"start":{},"end":{}}],"line":45},"9":{"loc":{"start":{"line":46,"column":2},"end":{"line":46,"column":null}},"type":"if","locations":[{"start":{"line":46,"column":2},"end":{"line":46,"column":null}},{"start":{},"end":{}}],"line":46},"10":{"loc":{"start":{"line":47,"column":2},"end":{"line":48,"column":null}},"type":"if","locations":[{"start":{"line":47,"column":2},"end":{"line":48,"column":null}},{"start":{},"end":{}}],"line":47},"11":{"loc":{"start":{"line":47,"column":6},"end":{"line":47,"column":101}},"type":"binary-expr","locations":[{"start":{"line":47,"column":6},"end":{"line":47,"column":21}},{"start":{"line":47,"column":25},"end":{"line":47,"column":43}},{"start":{"line":47,"column":47},"end":{"line":47,"column":66}},{"start":{"line":47,"column":70},"end":{"line":47,"column":101}}],"line":47}},"s":{"0":1,"1":8,"2":1,"3":2,"4":2,"5":2,"6":2,"7":2,"8":2,"9":2,"10":2,"11":2,"12":2,"13":2,"14":2,"15":2,"16":2,"17":2,"18":2,"19":2,"20":2,"21":2,"22":0,"23":2,"24":0,"25":2,"26":0,"27":2},"f":{"0":8,"1":2},"b":{"0":[2],"1":[2],"2":[2],"3":[2],"4":[2],"5":[2],"6":[1,1],"7":[2,1],"8":[0,2],"9":[0,2],"10":[0,2],"11":[2,1,1,1]},"meta":{"lastBranch":12,"lastFunction":2,"lastStatement":28,"seen":{"s:5:13:5:27":0,"f:5:13:5:14":0,"s:5:20:5:27":1,"s:7:28:58:1":2,"f:7:28:7:29":1,"s:12:6:12:11":3,"b:9:33:9:34":0,"b:10:25:10:26":1,"b:10:44:10:45":2,"b:10:61:10:62":3,"b:10:83:10:84":4,"b:11:40:11:42":5,"s:14:19:14:21":4,"s:18:13:22:4":5,"s:23:14:23:21":6,"s:26:26:26:66":7,"s:27:30:27:57":8,"s:28:24:28:86":9,"s:29:20:29:57":10,"s:30:21:30:46":11,"s:31:20:31:78":12,"s:34:19:34:38":13,"s:35:25:35:45":14,"s:36:18:36:38":15,"s:38:31:38:91":16,"s:39:27:39:54":17,"s:40:22:40:83":18,"b:40:43:40:76:40:79:40:83":6,"s:41:25:41:68":19,"b:41:25:41:44:41:48:41:68":7,"s:44:21:44:69":20,"b:45:2:45:Infinity:undefined:undefined:undefined:undefined":8,"s:45:2:45:Infinity":21,"s:45:34:45:Infinity":22,"b:46:2:46:Infinity:undefined:undefined:undefined:undefined":9,"s:46:2:46:Infinity":23,"s:46:29:46:Infinity":24,"b:47:2:48:Infinity:undefined:undefined:undefined:undefined":10,"s:47:2:48:Infinity":25,"b:47:6:47:21:47:25:47:43:47:47:47:66:47:70:47:101":11,"s:48:4:48:Infinity":26,"s:50:2:57:Infinity":27}}}
,"/Users/abdulrehman/Desktop/Harrisburg/ISEM 564/Real estate project/lib/commercial.js": {"path":"/Users/abdulrehman/Desktop/Harrisburg/ISEM 564/Real estate project/lib/commercial.js","statementMap":{"0":{"start":{"line":4,"column":13},"end":{"line":4,"column":27}},"1":{"start":{"line":4,"column":20},"end":{"line":4,"column":27}},"2":{"start":{"line":6,"column":33},"end":{"line":61,"column":1}},"3":{"start":{"line":14,"column":6},"end":{"line":14,"column":11}},"4":{"start":{"line":16,"column":19},"end":{"line":16,"column":21}},"5":{"start":{"line":19,"column":20},"end":{"line":19,"column":65}},"6":{"start":{"line":19,"column":43},"end":{"line":19,"column":61}},"7":{"start":{"line":20,"column":14},"end":{"line":20,"column":86}},"8":{"start":{"line":20,"column":37},"end":{"line":20,"column":82}},"9":{"start":{"line":21,"column":14},"end":{"line":21,"column":87}},"10":{"start":{"line":21,"column":37},"end":{"line":21,"column":83}},"11":{"start":{"line":22,"column":22},"end":{"line":22,"column":31}},"12":{"start":{"line":23,"column":22},"end":{"line":23,"column":44}},"13":{"start":{"line":24,"column":21},"end":{"line":24,"column":46}},"14":{"start":{"line":25,"column":14},"end":{"line":25,"column":64}},"15":{"start":{"line":28,"column":23},"end":{"line":28,"column":95}},"16":{"start":{"line":29,"column":24},"end":{"line":29,"column":85}},"17":{"start":{"line":30,"column":14},"end":{"line":30,"column":33}},"18":{"start":{"line":32,"column":16},"end":{"line":32,"column":79}},"19":{"start":{"line":33,"column":14},"end":{"line":33,"column":47}},"20":{"start":{"line":34,"column":21},"end":{"line":34,"column":64}},"21":{"start":{"line":35,"column":23},"end":{"line":35,"column":68}},"22":{"start":{"line":36,"column":21},"end":{"line":36,"column":72}},"23":{"start":{"line":38,"column":14},"end":{"line":41,"column":4}},"24":{"start":{"line":42,"column":13},"end":{"line":42,"column":77}},"25":{"start":{"line":43,"column":17},"end":{"line":43,"column":45}},"26":{"start":{"line":44,"column":29},"end":{"line":44,"column":70}},"27":{"start":{"line":46,"column":2},"end":{"line":46,"column":null}},"28":{"start":{"line":46,"column":32},"end":{"line":46,"column":null}},"29":{"start":{"line":47,"column":2},"end":{"line":47,"column":null}},"30":{"start":{"line":47,"column":57},"end":{"line":47,"column":null}},"31":{"start":{"line":48,"column":2},"end":{"line":48,"column":null}},"32":{"start":{"line":48,"column":49},"end":{"line":48,"column":null}},"33":{"start":{"line":50,"column":2},"end":{"line":60,"column":null}},"34":{"start":{"line":63,"column":33},"end":{"line":110,"column":1}},"35":{"start":{"line":64,"column":15},"end":{"line":64,"column":39}},"36":{"start":{"line":68,"column":6},"end":{"line":68,"column":22}},"37":{"start":{"line":70,"column":13},"end":{"line":70,"column":32}},"38":{"start":{"line":71,"column":13},"end":{"line":71,"column":35}},"39":{"start":{"line":73,"column":20},"end":{"line":73,"column":36}},"40":{"start":{"line":74,"column":18},"end":{"line":74,"column":27}},"41":{"start":{"line":76,"column":2},"end":{"line":92,"column":null}},"42":{"start":{"line":76,"column":15},"end":{"line":76,"column":16}},"43":{"start":{"line":77,"column":20},"end":{"line":77,"column":49}},"44":{"start":{"line":78,"column":16},"end":{"line":78,"column":38}},"45":{"start":{"line":79,"column":17},"end":{"line":79,"column":30}},"46":{"start":{"line":80,"column":24},"end":{"line":80,"column":85}},"47":{"start":{"line":82,"column":4},"end":{"line":91,"column":null}},"48":{"start":{"line":83,"column":6},"end":{"line":83,"column":null}},"49":{"start":{"line":84,"column":6},"end":{"line":84,"column":null}},"50":{"start":{"line":86,"column":22},"end":{"line":86,"column":55}},"51":{"start":{"line":87,"column":23},"end":{"line":87,"column":65}},"52":{"start":{"line":88,"column":26},"end":{"line":88,"column":86}},"53":{"start":{"line":89,"column":6},"end":{"line":89,"column":null}},"54":{"start":{"line":90,"column":6},"end":{"line":90,"column":null}},"55":{"start":{"line":94,"column":22},"end":{"line":94,"column":37}},"56":{"start":{"line":95,"column":20},"end":{"line":95,"column":33}},"57":{"start":{"line":96,"column":28},"end":{"line":96,"column":108}},"58":{"start":{"line":98,"column":24},"end":{"line":98,"column":67}},"59":{"start":{"line":98,"column":52},"end":{"line":98,"column":66}},"60":{"start":{"line":99,"column":12},"end":{"line":99,"column":50}},"61":{"start":{"line":101,"column":2},"end":{"line":109,"column":null}}},"fnMap":{"0":{"name":"(anonymous_0)","decl":{"start":{"line":4,"column":13},"end":{"line":4,"column":14}},"loc":{"start":{"line":4,"column":20},"end":{"line":4,"column":27}},"line":4},"1":{"name":"(anonymous_1)","decl":{"start":{"line":6,"column":33},"end":{"line":6,"column":34}},"loc":{"start":{"line":6,"column":44},"end":{"line":61,"column":1}},"line":6},"2":{"name":"(anonymous_2)","decl":{"start":{"line":19,"column":33},"end":{"line":19,"column":34}},"loc":{"start":{"line":19,"column":43},"end":{"line":19,"column":61}},"line":19},"3":{"name":"(anonymous_3)","decl":{"start":{"line":20,"column":27},"end":{"line":20,"column":28}},"loc":{"start":{"line":20,"column":37},"end":{"line":20,"column":82}},"line":20},"4":{"name":"(anonymous_4)","decl":{"start":{"line":21,"column":27},"end":{"line":21,"column":28}},"loc":{"start":{"line":21,"column":37},"end":{"line":21,"column":83}},"line":21},"5":{"name":"(anonymous_5)","decl":{"start":{"line":63,"column":33},"end":{"line":63,"column":34}},"loc":{"start":{"line":63,"column":44},"end":{"line":110,"column":1}},"line":63},"6":{"name":"(anonymous_6)","decl":{"start":{"line":98,"column":45},"end":{"line":98,"column":46}},"loc":{"start":{"line":98,"column":52},"end":{"line":98,"column":66}},"line":98}},"branchMap":{"0":{"loc":{"start":{"line":8,"column":4},"end":{"line":8,"column":29}},"type":"default-arg","locations":[{"start":{"line":8,"column":16},"end":{"line":8,"column":29}}],"line":8},"1":{"loc":{"start":{"line":8,"column":46},"end":{"line":8,"column":62}},"type":"default-arg","locations":[{"start":{"line":8,"column":61},"end":{"line":8,"column":62}}],"line":8},"2":{"loc":{"start":{"line":9,"column":4},"end":{"line":9,"column":14}},"type":"default-arg","locations":[{"start":{"line":9,"column":12},"end":{"line":9,"column":14}}],"line":9},"3":{"loc":{"start":{"line":9,"column":16},"end":{"line":9,"column":35}},"type":"default-arg","locations":[{"start":{"line":9,"column":28},"end":{"line":9,"column":35}}],"line":9},"4":{"loc":{"start":{"line":9,"column":37},"end":{"line":9,"column":54}},"type":"default-arg","locations":[{"start":{"line":9,"column":53},"end":{"line":9,"column":54}}],"line":9},"5":{"loc":{"start":{"line":10,"column":16},"end":{"line":10,"column":33}},"type":"default-arg","locations":[{"start":{"line":10,"column":32},"end":{"line":10,"column":33}}],"line":10},"6":{"loc":{"start":{"line":10,"column":35},"end":{"line":10,"column":56}},"type":"default-arg","locations":[{"start":{"line":10,"column":55},"end":{"line":10,"column":56}}],"line":10},"7":{"loc":{"start":{"line":10,"column":58},"end":{"line":10,"column":72}},"type":"default-arg","locations":[{"start":{"line":10,"column":71},"end":{"line":10,"column":72}}],"line":10},"8":{"loc":{"start":{"line":12,"column":30},"end":{"line":12,"column":50}},"type":"default-arg","locations":[{"start":{"line":12,"column":45},"end":{"line":12,"column":50}}],"line":12},"9":{"loc":{"start":{"line":13,"column":48},"end":{"line":13,"column":63}},"type":"default-arg","locations":[{"start":{"line":13,"column":62},"end":{"line":13,"column":63}}],"line":13},"10":{"loc":{"start":{"line":19,"column":48},"end":{"line":19,"column":60}},"type":"binary-expr","locations":[{"start":{"line":19,"column":48},"end":{"line":19,"column":55}},{"start":{"line":19,"column":59},"end":{"line":19,"column":60}}],"line":19},"11":{"loc":{"start":{"line":20,"column":42},"end":{"line":20,"column":54}},"type":"binary-expr","locations":[{"start":{"line":20,"column":42},"end":{"line":20,"column":49}},{"start":{"line":20,"column":53},"end":{"line":20,"column":54}}],"line":20},"12":{"loc":{"start":{"line":20,"column":59},"end":{"line":20,"column":76}},"type":"binary-expr","locations":[{"start":{"line":20,"column":59},"end":{"line":20,"column":71}},{"start":{"line":20,"column":75},"end":{"line":20,"column":76}}],"line":20},"13":{"loc":{"start":{"line":21,"column":42},"end":{"line":21,"column":54}},"type":"binary-expr","locations":[{"start":{"line":21,"column":42},"end":{"line":21,"column":49}},{"start":{"line":21,"column":53},"end":{"line":21,"column":54}}],"line":21},"14":{"loc":{"start":{"line":21,"column":59},"end":{"line":21,"column":77}},"type":"binary-expr","locations":[{"start":{"line":21,"column":59},"end":{"line":21,"column":72}},{"start":{"line":21,"column":76},"end":{"line":21,"column":77}}],"line":21},"15":{"loc":{"start":{"line":28,"column":23},"end":{"line":28,"column":95}},"type":"binary-expr","locations":[{"start":{"line":28,"column":23},"end":{"line":28,"column":42}},{"start":{"line":28,"column":46},"end":{"line":28,"column":73}},{"start":{"line":28,"column":77},"end":{"line":28,"column":95}}],"line":28},"16":{"loc":{"start":{"line":29,"column":24},"end":{"line":29,"column":85}},"type":"cond-expr","locations":[{"start":{"line":29,"column":39},"end":{"line":29,"column":71}},{"start":{"line":29,"column":75},"end":{"line":29,"column":85}}],"line":29},"17":{"loc":{"start":{"line":32,"column":16},"end":{"line":32,"column":79}},"type":"cond-expr","locations":[{"start":{"line":32,"column":37},"end":{"line":32,"column":63}},{"start":{"line":32,"column":66},"end":{"line":32,"column":79}}],"line":32},"18":{"loc":{"start":{"line":33,"column":14},"end":{"line":33,"column":47}},"type":"cond-expr","locations":[{"start":{"line":33,"column":24},"end":{"line":33,"column":43}},{"start":{"line":33,"column":46},"end":{"line":33,"column":47}}],"line":33},"19":{"loc":{"start":{"line":34,"column":21},"end":{"line":34,"column":64}},"type":"cond-expr","locations":[{"start":{"line":34,"column":41},"end":{"line":34,"column":60}},{"start":{"line":34,"column":63},"end":{"line":34,"column":64}}],"line":34},"20":{"loc":{"start":{"line":35,"column":23},"end":{"line":35,"column":68}},"type":"cond-expr","locations":[{"start":{"line":35,"column":39},"end":{"line":35,"column":64}},{"start":{"line":35,"column":67},"end":{"line":35,"column":68}}],"line":35},"21":{"loc":{"start":{"line":36,"column":21},"end":{"line":36,"column":72}},"type":"cond-expr","locations":[{"start":{"line":36,"column":40},"end":{"line":36,"column":68}},{"start":{"line":36,"column":71},"end":{"line":36,"column":72}}],"line":36},"22":{"loc":{"start":{"line":44,"column":29},"end":{"line":44,"column":70}},"type":"cond-expr","locations":[{"start":{"line":44,"column":39},"end":{"line":44,"column":66}},{"start":{"line":44,"column":69},"end":{"line":44,"column":70}}],"line":44},"23":{"loc":{"start":{"line":46,"column":2},"end":{"line":46,"column":null}},"type":"if","locations":[{"start":{"line":46,"column":2},"end":{"line":46,"column":null}},{"start":{},"end":{}}],"line":46},"24":{"loc":{"start":{"line":47,"column":2},"end":{"line":47,"column":null}},"type":"if","locations":[{"start":{"line":47,"column":2},"end":{"line":47,"column":null}},{"start":{},"end":{}}],"line":47},"25":{"loc":{"start":{"line":48,"column":2},"end":{"line":48,"column":null}},"type":"if","locations":[{"start":{"line":48,"column":2},"end":{"line":48,"column":null}},{"start":{},"end":{}}],"line":48},"26":{"loc":{"start":{"line":82,"column":4},"end":{"line":91,"column":null}},"type":"if","locations":[{"start":{"line":82,"column":4},"end":{"line":91,"column":null}},{"start":{"line":85,"column":11},"end":{"line":91,"column":null}}],"line":82},"27":{"loc":{"start":{"line":96,"column":28},"end":{"line":96,"column":108}},"type":"cond-expr","locations":[{"start":{"line":96,"column":75},"end":{"line":96,"column":100}},{"start":{"line":96,"column":103},"end":{"line":96,"column":108}}],"line":96},"28":{"loc":{"start":{"line":96,"column":29},"end":{"line":96,"column":71}},"type":"binary-expr","locations":[{"start":{"line":96,"column":29},"end":{"line":96,"column":47}},{"start":{"line":96,"column":51},"end":{"line":96,"column":71}}],"line":96}},"s":{"0":1,"1":70,"2":1,"3":6,"4":6,"5":6,"6":6,"7":6,"8":6,"9":6,"10":6,"11":6,"12":6,"13":6,"14":6,"15":6,"16":6,"17":6,"18":6,"19":6,"20":6,"21":6,"22":6,"23":6,"24":6,"25":6,"26":6,"27":6,"28":0,"29":6,"30":0,"31":6,"32":0,"33":6,"34":1,"35":1,"36":1,"37":1,"38":1,"39":1,"40":1,"41":1,"42":1,"43":5,"44":5,"45":5,"46":5,"47":5,"48":4,"49":4,"50":1,"51":1,"52":1,"53":1,"54":1,"55":1,"56":1,"57":1,"58":1,"59":5,"60":1,"61":1},"f":{"0":70,"1":6,"2":6,"3":6,"4":6,"5":1,"6":5},"b":{"0":[6],"1":[6],"2":[6],"3":[6],"4":[6],"5":[6],"6":[6],"7":[6],"8":[6],"9":[6],"10":[6,0],"11":[6,0],"12":[6,0],"13":[6,0],"14":[6,0],"15":[6,5,5],"16":[1,5],"17":[6,0],"18":[6,0],"19":[6,0],"20":[6,0],"21":[6,0],"22":[6,0],"23":[0,6],"24":[0,6],"25":[0,6],"26":[4,1],"27":[1,0],"28":[1,1]},"meta":{"lastBranch":29,"lastFunction":7,"lastStatement":62,"seen":{"s:4:13:4:27":0,"f:4:13:4:14":0,"s:4:20:4:27":1,"s:6:33:61:1":2,"f:6:33:6:34":1,"s:14:6:14:11":3,"b:8:16:8:29":0,"b:8:61:8:62":1,"b:9:12:9:14":2,"b:9:28:9:35":3,"b:9:53:9:54":4,"b:10:32:10:33":5,"b:10:55:10:56":6,"b:10:71:10:72":7,"b:12:45:12:50":8,"b:13:62:13:63":9,"s:16:19:16:21":4,"s:19:20:19:65":5,"f:19:33:19:34":2,"s:19:43:19:61":6,"b:19:48:19:55:19:59:19:60":10,"s:20:14:20:86":7,"f:20:27:20:28":3,"s:20:37:20:82":8,"b:20:42:20:49:20:53:20:54":11,"b:20:59:20:71:20:75:20:76":12,"s:21:14:21:87":9,"f:21:27:21:28":4,"s:21:37:21:83":10,"b:21:42:21:49:21:53:21:54":13,"b:21:59:21:72:21:76:21:77":14,"s:22:22:22:31":11,"s:23:22:23:44":12,"s:24:21:24:46":13,"s:25:14:25:64":14,"s:28:23:28:95":15,"b:28:23:28:42:28:46:28:73:28:77:28:95":15,"s:29:24:29:85":16,"b:29:39:29:71:29:75:29:85":16,"s:30:14:30:33":17,"s:32:16:32:79":18,"b:32:37:32:63:32:66:32:79":17,"s:33:14:33:47":19,"b:33:24:33:43:33:46:33:47":18,"s:34:21:34:64":20,"b:34:41:34:60:34:63:34:64":19,"s:35:23:35:68":21,"b:35:39:35:64:35:67:35:68":20,"s:36:21:36:72":22,"b:36:40:36:68:36:71:36:72":21,"s:38:14:41:4":23,"s:42:13:42:77":24,"s:43:17:43:45":25,"s:44:29:44:70":26,"b:44:39:44:66:44:69:44:70":22,"b:46:2:46:Infinity:undefined:undefined:undefined:undefined":23,"s:46:2:46:Infinity":27,"s:46:32:46:Infinity":28,"b:47:2:47:Infinity:undefined:undefined:undefined:undefined":24,"s:47:2:47:Infinity":29,"s:47:57:47:Infinity":30,"b:48:2:48:Infinity:undefined:undefined:undefined:undefined":25,"s:48:2:48:Infinity":31,"s:48:49:48:Infinity":32,"s:50:2:60:Infinity":33,"s:63:33:110:1":34,"f:63:33:63:34":5,"s:64:15:64:39":35,"s:68:6:68:22":36,"s:70:13:70:32":37,"s:71:13:71:35":38,"s:73:20:73:36":39,"s:74:18:74:27":40,"s:76:2:92:Infinity":41,"s:76:15:76:16":42,"s:77:20:77:49":43,"s:78:16:78:38":44,"s:79:17:79:30":45,"s:80:24:80:85":46,"b:82:4:91:Infinity:85:11:91:Infinity":26,"s:82:4:91:Infinity":47,"s:83:6:83:Infinity":48,"s:84:6:84:Infinity":49,"s:86:22:86:55":50,"s:87:23:87:65":51,"s:88:26:88:86":52,"s:89:6:89:Infinity":53,"s:90:6:90:Infinity":54,"s:94:22:94:37":55,"s:95:20:95:33":56,"s:96:28:96:108":57,"b:96:75:96:100:96:103:96:108":27,"b:96:29:96:47:96:51:96:71":28,"s:98:24:98:67":58,"f:98:45:98:46":6,"s:98:52:98:66":59,"s:99:12:99:50":60,"s:101:2:109:Infinity":61}}}
,"/Users/abdulrehman/Desktop/Harrisburg/ISEM 564/Real estate project/lib/constants.js": {"path":"/Users/abdulrehman/Desktop/Harrisburg/ISEM 564/Real estate project/lib/constants.js","statementMap":{"0":{"start":{"line":1,"column":26},"end":{"line":26,"column":2}},"1":{"start":{"line":28,"column":32},"end":{"line":37,"column":2}},"2":{"start":{"line":39,"column":30},"end":{"line":44,"column":2}}},"fnMap":{},"branchMap":{},"s":{"0":5,"1":5,"2":5},"f":{},"b":{},"meta":{"lastBranch":0,"lastFunction":0,"lastStatement":3,"seen":{"s:1:26:26:2":0,"s:28:32:37:2":1,"s:39:30:44:2":2}}}
,"/Users/abdulrehman/Desktop/Harrisburg/ISEM 564/Real estate project/lib/finance.js": {"path":"/Users/abdulrehman/Desktop/Harrisburg/ISEM 564/Real estate project/lib/finance.js","statementMap":{"0":{"start":{"line":1,"column":30},"end":{"line":8,"column":1}},"1":{"start":{"line":2,"column":2},"end":{"line":2,"column":null}},"2":{"start":{"line":2,"column":17},"end":{"line":2,"column":null}},"3":{"start":{"line":3,"column":12},"end":{"line":3,"column":27}},"4":{"start":{"line":4,"column":2},"end":{"line":4,"column":null}},"5":{"start":{"line":4,"column":14},"end":{"line":4,"column":null}},"6":{"start":{"line":5,"column":12},"end":{"line":5,"column":27}},"7":{"start":{"line":6,"column":2},"end":{"line":6,"column":null}},"8":{"start":{"line":6,"column":15},"end":{"line":6,"column":null}},"9":{"start":{"line":7,"column":2},"end":{"line":7,"column":null}},"10":{"start":{"line":10,"column":33},"end":{"line":11,"column":51}},"11":{"start":{"line":11,"column":2},"end":{"line":11,"column":51}},"12":{"start":{"line":13,"column":32},"end":{"line":19,"column":1}},"13":{"start":{"line":14,"column":2},"end":{"line":14,"column":null}},"14":{"start":{"line":14,"column":20},"end":{"line":14,"column":null}},"15":{"start":{"line":15,"column":12},"end":{"line":15,"column":27}},"16":{"start":{"line":16,"column":12},"end":{"line":16,"column":27}},"17":{"start":{"line":17,"column":2},"end":{"line":17,"column":null}},"18":{"start":{"line":17,"column":15},"end":{"line":17,"column":null}},"19":{"start":{"line":18,"column":2},"end":{"line":18,"column":null}},"20":{"start":{"line":21,"column":27},"end":{"line":28,"column":1}},"21":{"start":{"line":22,"column":2},"end":{"line":22,"column":null}},"22":{"start":{"line":22,"column":17},"end":{"line":22,"column":null}},"23":{"start":{"line":23,"column":12},"end":{"line":23,"column":27}},"24":{"start":{"line":24,"column":12},"end":{"line":24,"column":42}},"25":{"start":{"line":25,"column":12},"end":{"line":25,"column":27}},"26":{"start":{"line":26,"column":2},"end":{"line":26,"column":null}},"27":{"start":{"line":26,"column":15},"end":{"line":26,"column":null}},"28":{"start":{"line":27,"column":2},"end":{"line":27,"column":null}},"29":{"start":{"line":30,"column":19},"end":{"line":31,"column":71}},"30":{"start":{"line":31,"column":2},"end":{"line":31,"column":71}},"31":{"start":{"line":31,"column":35},"end":{"line":31,"column":67}},"32":{"start":{"line":33,"column":22},"end":{"line":34,"column":48}},"33":{"start":{"line":34,"column":2},"end":{"line":34,"column":48}},"34":{"start":{"line":34,"column":17},"end":{"line":34,"column":22}},"35":{"start":{"line":34,"column":42},"end":{"line":34,"column":47}},"36":{"start":{"line":36,"column":19},"end":{"line":66,"column":1}},"37":{"start":{"line":37,"column":2},"end":{"line":37,"column":null}},"38":{"start":{"line":37,"column":57},"end":{"line":37,"column":null}},"39":{"start":{"line":38,"column":2},"end":{"line":38,"column":null}},"40":{"start":{"line":38,"column":33},"end":{"line":38,"column":null}},"41":{"start":{"line":40,"column":13},"end":{"line":40,"column":18}},"42":{"start":{"line":41,"column":2},"end":{"line":53,"column":null}},"43":{"start":{"line":41,"column":15},"end":{"line":41,"column":16}},"44":{"start":{"line":42,"column":12},"end":{"line":42,"column":13}},"45":{"start":{"line":42,"column":20},"end":{"line":42,"column":21}},"46":{"start":{"line":43,"column":4},"end":{"line":47,"column":null}},"47":{"start":{"line":43,"column":17},"end":{"line":43,"column":18}},"48":{"start":{"line":44,"column":20},"end":{"line":44,"column":41}},"49":{"start":{"line":45,"column":6},"end":{"line":45,"column":null}},"50":{"start":{"line":46,"column":6},"end":{"line":46,"column":null}},"51":{"start":{"line":46,"column":17},"end":{"line":46,"column":null}},"52":{"start":{"line":48,"column":4},"end":{"line":48,"column":null}},"53":{"start":{"line":48,"column":27},"end":{"line":48,"column":null}},"54":{"start":{"line":49,"column":4},"end":{"line":49,"column":null}},"55":{"start":{"line":49,"column":18},"end":{"line":49,"column":null}},"56":{"start":{"line":50,"column":17},"end":{"line":50,"column":30}},"57":{"start":{"line":51,"column":4},"end":{"line":51,"column":null}},"58":{"start":{"line":51,"column":46},"end":{"line":51,"column":null}},"59":{"start":{"line":52,"column":4},"end":{"line":52,"column":null}},"60":{"start":{"line":55,"column":11},"end":{"line":55,"column":18}},"61":{"start":{"line":55,"column":25},"end":{"line":55,"column":27}},"62":{"start":{"line":56,"column":12},"end":{"line":56,"column":30}},"63":{"start":{"line":56,"column":38},"end":{"line":56,"column":56}},"64":{"start":{"line":57,"column":2},"end":{"line":57,"column":null}},"65":{"start":{"line":57,"column":21},"end":{"line":57,"column":null}},"66":{"start":{"line":58,"column":2},"end":{"line":64,"column":null}},"67":{"start":{"line":58,"column":15},"end":{"line":58,"column":16}},"68":{"start":{"line":59,"column":16},"end":{"line":59,"column":29}},"69":{"start":{"line":60,"column":17},"end":{"line":60,"column":36}},"70":{"start":{"line":61,"column":4},"end":{"line":61,"column":null}},"71":{"start":{"line":61,"column":30},"end":{"line":61,"column":null}},"72":{"start":{"line":62,"column":4},"end":{"line":63,"column":null}},"73":{"start":{"line":62,"column":26},"end":{"line":62,"column":35}},"74":{"start":{"line":62,"column":36},"end":{"line":62,"column":47}},"75":{"start":{"line":63,"column":11},"end":{"line":63,"column":20}},"76":{"start":{"line":63,"column":21},"end":{"line":63,"column":32}},"77":{"start":{"line":65,"column":2},"end":{"line":65,"column":null}},"78":{"start":{"line":68,"column":20},"end":{"line":69,"column":59}},"79":{"start":{"line":69,"column":2},"end":{"line":69,"column":59}},"80":{"start":{"line":71,"column":25},"end":{"line":72,"column":39}},"81":{"start":{"line":72,"column":2},"end":{"line":72,"column":39}},"82":{"start":{"line":74,"column":27},"end":{"line":93,"column":1}},"83":{"start":{"line":75,"column":12},"end":{"line":75,"column":64}},"84":{"start":{"line":76,"column":18},"end":{"line":76,"column":32}},"85":{"start":{"line":77,"column":24},"end":{"line":77,"column":72}},"86":{"start":{"line":78,"column":19},"end":{"line":78,"column":74}},"87":{"start":{"line":79,"column":21},"end":{"line":83,"column":3}},"88":{"start":{"line":84,"column":18},"end":{"line":84,"column":95}},"89":{"start":{"line":84,"column":48},"end":{"line":84,"column":79}},"90":{"start":{"line":85,"column":2},"end":{"line":92,"column":null}},"91":{"start":{"line":95,"column":29},"end":{"line":96,"column":48}},"92":{"start":{"line":96,"column":2},"end":{"line":96,"column":48}},"93":{"start":{"line":98,"column":31},"end":{"line":99,"column":56}},"94":{"start":{"line":99,"column":2},"end":{"line":99,"column":56}},"95":{"start":{"line":101,"column":30},"end":{"line":102,"column":84}},"96":{"start":{"line":102,"column":2},"end":{"line":102,"column":84}},"97":{"start":{"line":102,"column":54},"end":{"line":102,"column":59}}},"fnMap":{"0":{"name":"(anonymous_0)","decl":{"start":{"line":1,"column":30},"end":{"line":1,"column":31}},"loc":{"start":{"line":1,"column":64},"end":{"line":8,"column":1}},"line":1},"1":{"name":"(anonymous_1)","decl":{"start":{"line":10,"column":33},"end":{"line":10,"column":34}},"loc":{"start":{"line":11,"column":2},"end":{"line":11,"column":51}},"line":11},"2":{"name":"(anonymous_2)","decl":{"start":{"line":13,"column":32},"end":{"line":13,"column":33}},"loc":{"start":{"line":13,"column":91},"end":{"line":19,"column":1}},"line":13},"3":{"name":"(anonymous_3)","decl":{"start":{"line":21,"column":27},"end":{"line":21,"column":28}},"loc":{"start":{"line":21,"column":75},"end":{"line":28,"column":1}},"line":21},"4":{"name":"(anonymous_4)","decl":{"start":{"line":30,"column":19},"end":{"line":30,"column":20}},"loc":{"start":{"line":31,"column":2},"end":{"line":31,"column":71}},"line":31},"5":{"name":"(anonymous_5)","decl":{"start":{"line":31,"column":19},"end":{"line":31,"column":20}},"loc":{"start":{"line":31,"column":35},"end":{"line":31,"column":67}},"line":31},"6":{"name":"(anonymous_6)","decl":{"start":{"line":33,"column":22},"end":{"line":33,"column":23}},"loc":{"start":{"line":34,"column":2},"end":{"line":34,"column":48}},"line":34},"7":{"name":"(anonymous_7)","decl":{"start":{"line":34,"column":10},"end":{"line":34,"column":11}},"loc":{"start":{"line":34,"column":17},"end":{"line":34,"column":22}},"line":34},"8":{"name":"(anonymous_8)","decl":{"start":{"line":34,"column":35},"end":{"line":34,"column":36}},"loc":{"start":{"line":34,"column":42},"end":{"line":34,"column":47}},"line":34},"9":{"name":"(anonymous_9)","decl":{"start":{"line":36,"column":19},"end":{"line":36,"column":20}},"loc":{"start":{"line":36,"column":83},"end":{"line":66,"column":1}},"line":36},"10":{"name":"(anonymous_10)","decl":{"start":{"line":68,"column":20},"end":{"line":68,"column":21}},"loc":{"start":{"line":69,"column":2},"end":{"line":69,"column":59}},"line":69},"11":{"name":"(anonymous_11)","decl":{"start":{"line":71,"column":25},"end":{"line":71,"column":26}},"loc":{"start":{"line":72,"column":2},"end":{"line":72,"column":39}},"line":72},"12":{"name":"(anonymous_12)","decl":{"start":{"line":74,"column":27},"end":{"line":74,"column":28}},"loc":{"start":{"line":74,"column":118},"end":{"line":93,"column":1}},"line":74},"13":{"name":"(anonymous_13)","decl":{"start":{"line":84,"column":36},"end":{"line":84,"column":37}},"loc":{"start":{"line":84,"column":48},"end":{"line":84,"column":79}},"line":84},"14":{"name":"(anonymous_14)","decl":{"start":{"line":95,"column":29},"end":{"line":95,"column":30}},"loc":{"start":{"line":96,"column":2},"end":{"line":96,"column":48}},"line":96},"15":{"name":"(anonymous_15)","decl":{"start":{"line":98,"column":31},"end":{"line":98,"column":32}},"loc":{"start":{"line":99,"column":2},"end":{"line":99,"column":56}},"line":99},"16":{"name":"(anonymous_16)","decl":{"start":{"line":101,"column":30},"end":{"line":101,"column":31}},"loc":{"start":{"line":102,"column":2},"end":{"line":102,"column":84}},"line":102},"17":{"name":"(anonymous_17)","decl":{"start":{"line":102,"column":44},"end":{"line":102,"column":45}},"loc":{"start":{"line":102,"column":54},"end":{"line":102,"column":59}},"line":102}},"branchMap":{"0":{"loc":{"start":{"line":2,"column":2},"end":{"line":2,"column":null}},"type":"if","locations":[{"start":{"line":2,"column":2},"end":{"line":2,"column":null}},{"start":{},"end":{}}],"line":2},"1":{"loc":{"start":{"line":4,"column":2},"end":{"line":4,"column":null}},"type":"if","locations":[{"start":{"line":4,"column":2},"end":{"line":4,"column":null}},{"start":{},"end":{}}],"line":4},"2":{"loc":{"start":{"line":6,"column":2},"end":{"line":6,"column":null}},"type":"if","locations":[{"start":{"line":6,"column":2},"end":{"line":6,"column":null}},{"start":{},"end":{}}],"line":6},"3":{"loc":{"start":{"line":13,"column":57},"end":{"line":13,"column":86}},"type":"default-arg","locations":[{"start":{"line":13,"column":84},"end":{"line":13,"column":86}}],"line":13},"4":{"loc":{"start":{"line":13,"column":59},"end":{"line":13,"column":79}},"type":"default-arg","locations":[{"start":{"line":13,"column":74},"end":{"line":13,"column":79}}],"line":13},"5":{"loc":{"start":{"line":14,"column":2},"end":{"line":14,"column":null}},"type":"if","locations":[{"start":{"line":14,"column":2},"end":{"line":14,"column":null}},{"start":{},"end":{}}],"line":14},"6":{"loc":{"start":{"line":17,"column":2},"end":{"line":17,"column":null}},"type":"if","locations":[{"start":{"line":17,"column":2},"end":{"line":17,"column":null}},{"start":{},"end":{}}],"line":17},"7":{"loc":{"start":{"line":17,"column":22},"end":{"line":17,"column":40}},"type":"cond-expr","locations":[{"start":{"line":17,"column":30},"end":{"line":17,"column":36}},{"start":{"line":17,"column":39},"end":{"line":17,"column":40}}],"line":17},"8":{"loc":{"start":{"line":22,"column":2},"end":{"line":22,"column":null}},"type":"if","locations":[{"start":{"line":22,"column":2},"end":{"line":22,"column":null}},{"start":{},"end":{}}],"line":22},"9":{"loc":{"start":{"line":26,"column":2},"end":{"line":26,"column":null}},"type":"if","locations":[{"start":{"line":26,"column":2},"end":{"line":26,"column":null}},{"start":{},"end":{}}],"line":26},"10":{"loc":{"start":{"line":34,"column":2},"end":{"line":34,"column":48}},"type":"binary-expr","locations":[{"start":{"line":34,"column":2},"end":{"line":34,"column":23}},{"start":{"line":34,"column":27},"end":{"line":34,"column":48}}],"line":34},"11":{"loc":{"start":{"line":36,"column":31},"end":{"line":36,"column":78}},"type":"default-arg","locations":[{"start":{"line":36,"column":76},"end":{"line":36,"column":78}}],"line":36},"12":{"loc":{"start":{"line":36,"column":33},"end":{"line":36,"column":44}},"type":"default-arg","locations":[{"start":{"line":36,"column":41},"end":{"line":36,"column":44}}],"line":36},"13":{"loc":{"start":{"line":36,"column":46},"end":{"line":36,"column":56}},"type":"default-arg","locations":[{"start":{"line":36,"column":52},"end":{"line":36,"column":56}}],"line":36},"14":{"loc":{"start":{"line":36,"column":58},"end":{"line":36,"column":71}},"type":"default-arg","locations":[{"start":{"line":36,"column":68},"end":{"line":36,"column":71}}],"line":36},"15":{"loc":{"start":{"line":37,"column":2},"end":{"line":37,"column":null}},"type":"if","locations":[{"start":{"line":37,"column":2},"end":{"line":37,"column":null}},{"start":{},"end":{}}],"line":37},"16":{"loc":{"start":{"line":37,"column":6},"end":{"line":37,"column":55}},"type":"binary-expr","locations":[{"start":{"line":37,"column":6},"end":{"line":37,"column":31}},{"start":{"line":37,"column":35},"end":{"line":37,"column":55}}],"line":37},"17":{"loc":{"start":{"line":38,"column":2},"end":{"line":38,"column":null}},"type":"if","locations":[{"start":{"line":38,"column":2},"end":{"line":38,"column":null}},{"start":{},"end":{}}],"line":38},"18":{"loc":{"start":{"line":46,"column":6},"end":{"line":46,"column":null}},"type":"if","locations":[{"start":{"line":46,"column":6},"end":{"line":46,"column":null}},{"start":{},"end":{}}],"line":46},"19":{"loc":{"start":{"line":48,"column":4},"end":{"line":48,"column":null}},"type":"if","locations":[{"start":{"line":48,"column":4},"end":{"line":48,"column":null}},{"start":{},"end":{}}],"line":48},"20":{"loc":{"start":{"line":49,"column":4},"end":{"line":49,"column":null}},"type":"if","locations":[{"start":{"line":49,"column":4},"end":{"line":49,"column":null}},{"start":{},"end":{}}],"line":49},"21":{"loc":{"start":{"line":51,"column":4},"end":{"line":51,"column":null}},"type":"if","locations":[{"start":{"line":51,"column":4},"end":{"line":51,"column":null}},{"start":{},"end":{}}],"line":51},"22":{"loc":{"start":{"line":51,"column":8},"end":{"line":51,"column":44}},"type":"binary-expr","locations":[{"start":{"line":51,"column":8},"end":{"line":51,"column":30}},{"start":{"line":51,"column":34},"end":{"line":51,"column":44}}],"line":51},"23":{"loc":{"start":{"line":57,"column":2},"end":{"line":57,"column":null}},"type":"if","locations":[{"start":{"line":57,"column":2},"end":{"line":57,"column":null}},{"start":{},"end":{}}],"line":57},"24":{"loc":{"start":{"line":61,"column":4},"end":{"line":61,"column":null}},"type":"if","locations":[{"start":{"line":61,"column":4},"end":{"line":61,"column":null}},{"start":{},"end":{}}],"line":61},"25":{"loc":{"start":{"line":62,"column":4},"end":{"line":63,"column":null}},"type":"if","locations":[{"start":{"line":62,"column":4},"end":{"line":63,"column":null}},{"start":{"line":63,"column":9},"end":{"line":63,"column":null}}],"line":62},"26":{"loc":{"start":{"line":69,"column":2},"end":{"line":69,"column":59}},"type":"cond-expr","locations":[{"start":{"line":69,"column":29},"end":{"line":69,"column":55}},{"start":{"line":69,"column":58},"end":{"line":69,"column":59}}],"line":69},"27":{"loc":{"start":{"line":72,"column":2},"end":{"line":72,"column":39}},"type":"cond-expr","locations":[{"start":{"line":72,"column":19},"end":{"line":72,"column":35}},{"start":{"line":72,"column":38},"end":{"line":72,"column":39}}],"line":72},"28":{"loc":{"start":{"line":74,"column":91},"end":{"line":74,"column":111}},"type":"default-arg","locations":[{"start":{"line":74,"column":106},"end":{"line":74,"column":111}}],"line":74},"29":{"loc":{"start":{"line":77,"column":24},"end":{"line":77,"column":72}},"type":"cond-expr","locations":[{"start":{"line":77,"column":43},"end":{"line":77,"column":61}},{"start":{"line":77,"column":64},"end":{"line":77,"column":72}}],"line":77},"30":{"loc":{"start":{"line":78,"column":19},"end":{"line":78,"column":74}},"type":"cond-expr","locations":[{"start":{"line":78,"column":44},"end":{"line":78,"column":63}},{"start":{"line":78,"column":66},"end":{"line":78,"column":74}}],"line":78},"31":{"loc":{"start":{"line":78,"column":20},"end":{"line":78,"column":40}},"type":"binary-expr","locations":[{"start":{"line":78,"column":20},"end":{"line":78,"column":31}},{"start":{"line":78,"column":35},"end":{"line":78,"column":40}}],"line":78},"32":{"loc":{"start":{"line":84,"column":48},"end":{"line":84,"column":79}},"type":"cond-expr","locations":[{"start":{"line":84,"column":72},"end":{"line":84,"column":73}},{"start":{"line":84,"column":76},"end":{"line":84,"column":79}}],"line":84},"33":{"loc":{"start":{"line":96,"column":2},"end":{"line":96,"column":48}},"type":"cond-expr","locations":[{"start":{"line":96,"column":20},"end":{"line":96,"column":44}},{"start":{"line":96,"column":47},"end":{"line":96,"column":48}}],"line":96},"34":{"loc":{"start":{"line":102,"column":2},"end":{"line":102,"column":84}},"type":"cond-expr","locations":[{"start":{"line":102,"column":23},"end":{"line":102,"column":80}},{"start":{"line":102,"column":83},"end":{"line":102,"column":84}}],"line":102}},"s":{"0":4,"1":21,"2":0,"3":21,"4":21,"5":0,"6":21,"7":21,"8":5,"9":16,"10":4,"11":14,"12":4,"13":10,"14":1,"15":9,"16":9,"17":9,"18":0,"19":9,"20":4,"21":16,"22":0,"23":16,"24":16,"25":16,"26":16,"27":0,"28":16,"29":4,"30":48,"31":286,"32":4,"33":7,"34":21,"35":9,"36":4,"37":7,"38":0,"39":7,"40":1,"41":6,"42":6,"43":6,"44":33,"45":33,"46":33,"47":33,"48":164,"49":164,"50":164,"51":131,"52":33,"53":5,"54":28,"55":0,"56":28,"57":28,"58":1,"59":27,"60":1,"61":1,"62":1,"63":1,"64":1,"65":0,"66":1,"67":1,"68":45,"69":45,"70":45,"71":1,"72":44,"73":20,"74":20,"75":24,"76":24,"77":0,"78":4,"79":19,"80":4,"81":19,"82":4,"83":8,"84":8,"85":8,"86":8,"87":8,"88":8,"89":24,"90":8,"91":4,"92":2,"93":4,"94":4,"95":4,"96":4,"97":19},"f":{"0":21,"1":14,"2":10,"3":16,"4":48,"5":286,"6":7,"7":21,"8":9,"9":7,"10":19,"11":19,"12":8,"13":24,"14":2,"15":4,"16":4,"17":19},"b":{"0":[0,21],"1":[0,21],"2":[5,16],"3":[10],"4":[10],"5":[1,9],"6":[0,9],"7":[0,0],"8":[0,16],"9":[0,16],"10":[7,7],"11":[7],"12":[7],"13":[7],"14":[7],"15":[0,7],"16":[7,7],"17":[1,6],"18":[131,33],"19":[5,28],"20":[0,28],"21":[1,27],"22":[28,28],"23":[0,1],"24":[1,44],"25":[20,24],"26":[18,1],"27":[18,1],"28":[8],"29":[8,0],"30":[8,0],"31":[8,8],"32":[1,23],"33":[2,0],"34":[4,0]},"meta":{"lastBranch":35,"lastFunction":18,"lastStatement":98,"seen":{"s:1:30:8:1":0,"f:1:30:1:31":0,"b:2:2:2:Infinity:undefined:undefined:undefined:undefined":0,"s:2:2:2:Infinity":1,"s:2:17:2:Infinity":2,"s:3:12:3:27":3,"b:4:2:4:Infinity:undefined:undefined:undefined:undefined":1,"s:4:2:4:Infinity":4,"s:4:14:4:Infinity":5,"s:5:12:5:27":6,"b:6:2:6:Infinity:undefined:undefined:undefined:undefined":2,"s:6:2:6:Infinity":7,"s:6:15:6:Infinity":8,"s:7:2:7:Infinity":9,"s:10:33:11:51":10,"f:10:33:10:34":1,"s:11:2:11:51":11,"s:13:32:19:1":12,"f:13:32:13:33":2,"b:13:84:13:86":3,"b:13:74:13:79":4,"b:14:2:14:Infinity:undefined:undefined:undefined:undefined":5,"s:14:2:14:Infinity":13,"s:14:20:14:Infinity":14,"s:15:12:15:27":15,"s:16:12:16:27":16,"b:17:2:17:Infinity:undefined:undefined:undefined:undefined":6,"s:17:2:17:Infinity":17,"s:17:15:17:Infinity":18,"b:17:30:17:36:17:39:17:40":7,"s:18:2:18:Infinity":19,"s:21:27:28:1":20,"f:21:27:21:28":3,"b:22:2:22:Infinity:undefined:undefined:undefined:undefined":8,"s:22:2:22:Infinity":21,"s:22:17:22:Infinity":22,"s:23:12:23:27":23,"s:24:12:24:42":24,"s:25:12:25:27":25,"b:26:2:26:Infinity:undefined:undefined:undefined:undefined":9,"s:26:2:26:Infinity":26,"s:26:15:26:Infinity":27,"s:27:2:27:Infinity":28,"s:30:19:31:71":29,"f:30:19:30:20":4,"s:31:2:31:71":30,"f:31:19:31:20":5,"s:31:35:31:67":31,"s:33:22:34:48":32,"f:33:22:33:23":6,"s:34:2:34:48":33,"b:34:2:34:23:34:27:34:48":10,"f:34:10:34:11":7,"s:34:17:34:22":34,"f:34:35:34:36":8,"s:34:42:34:47":35,"s:36:19:66:1":36,"f:36:19:36:20":9,"b:36:76:36:78":11,"b:36:41:36:44":12,"b:36:52:36:56":13,"b:36:68:36:71":14,"b:37:2:37:Infinity:undefined:undefined:undefined:undefined":15,"s:37:2:37:Infinity":37,"b:37:6:37:31:37:35:37:55":16,"s:37:57:37:Infinity":38,"b:38:2:38:Infinity:undefined:undefined:undefined:undefined":17,"s:38:2:38:Infinity":39,"s:38:33:38:Infinity":40,"s:40:13:40:18":41,"s:41:2:53:Infinity":42,"s:41:15:41:16":43,"s:42:12:42:13":44,"s:42:20:42:21":45,"s:43:4:47:Infinity":46,"s:43:17:43:18":47,"s:44:20:44:41":48,"s:45:6:45:Infinity":49,"b:46:6:46:Infinity:undefined:undefined:undefined:undefined":18,"s:46:6:46:Infinity":50,"s:46:17:46:Infinity":51,"b:48:4:48:Infinity:undefined:undefined:undefined:undefined":19,"s:48:4:48:Infinity":52,"s:48:27:48:Infinity":53,"b:49:4:49:Infinity:undefined:undefined:undefined:undefined":20,"s:49:4:49:Infinity":54,"s:49:18:49:Infinity":55,"s:50:17:50:30":56,"b:51:4:51:Infinity:undefined:undefined:undefined:undefined":21,"s:51:4:51:Infinity":57,"b:51:8:51:30:51:34:51:44":22,"s:51:46:51:Infinity":58,"s:52:4:52:Infinity":59,"s:55:11:55:18":60,"s:55:25:55:27":61,"s:56:12:56:30":62,"s:56:38:56:56":63,"b:57:2:57:Infinity:undefined:undefined:undefined:undefined":23,"s:57:2:57:Infinity":64,"s:57:21:57:Infinity":65,"s:58:2:64:Infinity":66,"s:58:15:58:16":67,"s:59:16:59:29":68,"s:60:17:60:36":69,"b:61:4:61:Infinity:undefined:undefined:undefined:undefined":24,"s:61:4:61:Infinity":70,"s:61:30:61:Infinity":71,"b:62:4:63:Infinity:63:9:63:Infinity":25,"s:62:4:63:Infinity":72,"s:62:26:62:35":73,"s:62:36:62:47":74,"s:63:11:63:20":75,"s:63:21:63:32":76,"s:65:2:65:Infinity":77,"s:68:20:69:59":78,"f:68:20:68:21":10,"s:69:2:69:59":79,"b:69:29:69:55:69:58:69:59":26,"s:71:25:72:39":80,"f:71:25:71:26":11,"s:72:2:72:39":81,"b:72:19:72:35:72:38:72:39":27,"s:74:27:93:1":82,"f:74:27:74:28":12,"b:74:106:74:111":28,"s:75:12:75:64":83,"s:76:18:76:32":84,"s:77:24:77:72":85,"b:77:43:77:61:77:64:77:72":29,"s:78:19:78:74":86,"b:78:44:78:63:78:66:78:74":30,"b:78:20:78:31:78:35:78:40":31,"s:79:21:83:3":87,"s:84:18:84:95":88,"f:84:36:84:37":13,"s:84:48:84:79":89,"b:84:72:84:73:84:76:84:79":32,"s:85:2:92:Infinity":90,"s:95:29:96:48":91,"f:95:29:95:30":14,"s:96:2:96:48":92,"b:96:20:96:44:96:47:96:48":33,"s:98:31:99:56":93,"f:98:31:98:32":15,"s:99:2:99:56":94,"s:101:30:102:84":95,"f:101:30:101:31":16,"s:102:2:102:84":96,"b:102:23:102:80:102:83:102:84":34,"f:102:44:102:45":17,"s:102:54:102:59":97}}}
,"/Users/abdulrehman/Desktop/Harrisburg/ISEM 564/Real estate project/lib/residential.js": {"path":"/Users/abdulrehman/Desktop/Harrisburg/ISEM 564/Real estate project/lib/residential.js","statementMap":{"0":{"start":{"line":4,"column":13},"end":{"line":4,"column":27}},"1":{"start":{"line":4,"column":20},"end":{"line":4,"column":27}},"2":{"start":{"line":6,"column":34},"end":{"line":60,"column":1}},"3":{"start":{"line":11,"column":6},"end":{"line":11,"column":11}},"4":{"start":{"line":13,"column":22},"end":{"line":13,"column":58}},"5":{"start":{"line":14,"column":21},"end":{"line":14,"column":48}},"6":{"start":{"line":15,"column":23},"end":{"line":15,"column":43}},"7":{"start":{"line":16,"column":28},"end":{"line":16,"column":68}},"8":{"start":{"line":19,"column":14},"end":{"line":19,"column":30}},"9":{"start":{"line":20,"column":22},"end":{"line":20,"column":44}},"10":{"start":{"line":21,"column":14},"end":{"line":21,"column":31}},"11":{"start":{"line":24,"column":27},"end":{"line":24,"column":52}},"12":{"start":{"line":25,"column":28},"end":{"line":25,"column":64}},"13":{"start":{"line":26,"column":22},"end":{"line":26,"column":42}},"14":{"start":{"line":27,"column":20},"end":{"line":27,"column":35}},"15":{"start":{"line":28,"column":15},"end":{"line":29,"column":51}},"16":{"start":{"line":31,"column":14},"end":{"line":31,"column":24}},"17":{"start":{"line":34,"column":19},"end":{"line":34,"column":81}},"18":{"start":{"line":35,"column":13},"end":{"line":35,"column":78}},"19":{"start":{"line":36,"column":25},"end":{"line":36,"column":34}},"20":{"start":{"line":39,"column":18},"end":{"line":39,"column":61}},"21":{"start":{"line":40,"column":14},"end":{"line":40,"column":47}},"22":{"start":{"line":41,"column":25},"end":{"line":41,"column":76}},"23":{"start":{"line":42,"column":21},"end":{"line":42,"column":83}},"24":{"start":{"line":43,"column":19},"end":{"line":43,"column":34}},"25":{"start":{"line":44,"column":24},"end":{"line":44,"column":51}},"26":{"start":{"line":45,"column":29},"end":{"line":45,"column":61}},"27":{"start":{"line":47,"column":19},"end":{"line":47,"column":21}},"28":{"start":{"line":48,"column":2},"end":{"line":48,"column":null}},"29":{"start":{"line":48,"column":57},"end":{"line":48,"column":null}},"30":{"start":{"line":49,"column":2},"end":{"line":49,"column":null}},"31":{"start":{"line":49,"column":27},"end":{"line":49,"column":null}},"32":{"start":{"line":50,"column":2},"end":{"line":50,"column":null}},"33":{"start":{"line":50,"column":55},"end":{"line":50,"column":null}},"34":{"start":{"line":52,"column":2},"end":{"line":59,"column":null}},"35":{"start":{"line":62,"column":34},"end":{"line":104,"column":1}},"36":{"start":{"line":63,"column":15},"end":{"line":63,"column":40}},"37":{"start":{"line":67,"column":6},"end":{"line":67,"column":11}},"38":{"start":{"line":69,"column":13},"end":{"line":69,"column":32}},"39":{"start":{"line":70,"column":13},"end":{"line":70,"column":35}},"40":{"start":{"line":71,"column":13},"end":{"line":71,"column":34}},"41":{"start":{"line":73,"column":16},"end":{"line":73,"column":18}},"42":{"start":{"line":74,"column":2},"end":{"line":84,"column":null}},"43":{"start":{"line":74,"column":15},"end":{"line":74,"column":16}},"44":{"start":{"line":75,"column":26},"end":{"line":75,"column":61}},"45":{"start":{"line":76,"column":23},"end":{"line":76,"column":57}},"46":{"start":{"line":77,"column":23},"end":{"line":77,"column":58}},"47":{"start":{"line":78,"column":22},"end":{"line":78,"column":76}},"48":{"start":{"line":79,"column":16},"end":{"line":79,"column":38}},"49":{"start":{"line":80,"column":27},"end":{"line":80,"column":42}},"50":{"start":{"line":81,"column":28},"end":{"line":81,"column":95}},"51":{"start":{"line":82,"column":19},"end":{"line":82,"column":51}},"52":{"start":{"line":83,"column":4},"end":{"line":83,"column":null}},"53":{"start":{"line":87,"column":19},"end":{"line":87,"column":39}},"54":{"start":{"line":88,"column":22},"end":{"line":88,"column":95}},"55":{"start":{"line":89,"column":20},"end":{"line":91,"column":4}},"56":{"start":{"line":90,"column":4},"end":{"line":90,"column":null}},"57":{"start":{"line":92,"column":20},"end":{"line":92,"column":35}},"58":{"start":{"line":93,"column":27},"end":{"line":95,"column":3}},"59":{"start":{"line":94,"column":4},"end":{"line":94,"column":null}},"60":{"start":{"line":96,"column":12},"end":{"line":96,"column":69}},"61":{"start":{"line":98,"column":2},"end":{"line":103,"column":null}}},"fnMap":{"0":{"name":"(anonymous_0)","decl":{"start":{"line":4,"column":13},"end":{"line":4,"column":14}},"loc":{"start":{"line":4,"column":20},"end":{"line":4,"column":27}},"line":4},"1":{"name":"(anonymous_1)","decl":{"start":{"line":6,"column":34},"end":{"line":6,"column":35}},"loc":{"start":{"line":6,"column":45},"end":{"line":60,"column":1}},"line":6},"2":{"name":"(anonymous_2)","decl":{"start":{"line":62,"column":34},"end":{"line":62,"column":35}},"loc":{"start":{"line":62,"column":45},"end":{"line":104,"column":1}},"line":62},"3":{"name":"(anonymous_3)","decl":{"start":{"line":89,"column":59},"end":{"line":89,"column":60}},"loc":{"start":{"line":90,"column":4},"end":{"line":90,"column":null}},"line":90},"4":{"name":"(anonymous_4)","decl":{"start":{"line":93,"column":37},"end":{"line":93,"column":38}},"loc":{"start":{"line":94,"column":4},"end":{"line":94,"column":null}},"line":94}},"branchMap":{"0":{"loc":{"start":{"line":8,"column":19},"end":{"line":8,"column":34}},"type":"default-arg","locations":[{"start":{"line":8,"column":33},"end":{"line":8,"column":34}}],"line":8},"1":{"loc":{"start":{"line":9,"column":40},"end":{"line":9,"column":54}},"type":"default-arg","locations":[{"start":{"line":9,"column":53},"end":{"line":9,"column":54}}],"line":9},"2":{"loc":{"start":{"line":39,"column":18},"end":{"line":39,"column":61}},"type":"cond-expr","locations":[{"start":{"line":39,"column":38},"end":{"line":39,"column":57}},{"start":{"line":39,"column":60},"end":{"line":39,"column":61}}],"line":39},"3":{"loc":{"start":{"line":40,"column":14},"end":{"line":40,"column":47}},"type":"cond-expr","locations":[{"start":{"line":40,"column":24},"end":{"line":40,"column":43}},{"start":{"line":40,"column":46},"end":{"line":40,"column":47}}],"line":40},"4":{"loc":{"start":{"line":41,"column":25},"end":{"line":41,"column":76}},"type":"cond-expr","locations":[{"start":{"line":41,"column":45},"end":{"line":41,"column":72}},{"start":{"line":41,"column":75},"end":{"line":41,"column":76}}],"line":41},"5":{"loc":{"start":{"line":42,"column":21},"end":{"line":42,"column":83}},"type":"cond-expr","locations":[{"start":{"line":42,"column":45},"end":{"line":42,"column":79}},{"start":{"line":42,"column":82},"end":{"line":42,"column":83}}],"line":42},"6":{"loc":{"start":{"line":45,"column":29},"end":{"line":45,"column":61}},"type":"cond-expr","locations":[{"start":{"line":45,"column":39},"end":{"line":45,"column":57}},{"start":{"line":45,"column":60},"end":{"line":45,"column":61}}],"line":45},"7":{"loc":{"start":{"line":48,"column":2},"end":{"line":48,"column":null}},"type":"if","locations":[{"start":{"line":48,"column":2},"end":{"line":48,"column":null}},{"start":{},"end":{}}],"line":48},"8":{"loc":{"start":{"line":48,"column":6},"end":{"line":48,"column":55}},"type":"binary-expr","locations":[{"start":{"line":48,"column":6},"end":{"line":48,"column":19}},{"start":{"line":48,"column":23},"end":{"line":48,"column":55}}],"line":48},"9":{"loc":{"start":{"line":49,"column":2},"end":{"line":49,"column":null}},"type":"if","locations":[{"start":{"line":49,"column":2},"end":{"line":49,"column":null}},{"start":{},"end":{}}],"line":49},"10":{"loc":{"start":{"line":50,"column":2},"end":{"line":50,"column":null}},"type":"if","locations":[{"start":{"line":50,"column":2},"end":{"line":50,"column":null}},{"start":{},"end":{}}],"line":50},"11":{"loc":{"start":{"line":65,"column":4},"end":{"line":65,"column":21}},"type":"default-arg","locations":[{"start":{"line":65,"column":20},"end":{"line":65,"column":21}}],"line":65},"12":{"loc":{"start":{"line":65,"column":23},"end":{"line":65,"column":43}},"type":"default-arg","locations":[{"start":{"line":65,"column":42},"end":{"line":65,"column":43}}],"line":65},"13":{"loc":{"start":{"line":65,"column":45},"end":{"line":65,"column":64}},"type":"default-arg","locations":[{"start":{"line":65,"column":63},"end":{"line":65,"column":64}}],"line":65},"14":{"loc":{"start":{"line":65,"column":66},"end":{"line":65,"column":79}},"type":"default-arg","locations":[{"start":{"line":65,"column":78},"end":{"line":65,"column":79}}],"line":65},"15":{"loc":{"start":{"line":90,"column":4},"end":{"line":90,"column":null}},"type":"cond-expr","locations":[{"start":{"line":90,"column":24},"end":{"line":90,"column":40}},{"start":{"line":90,"column":43},"end":{"line":90,"column":null}}],"line":90},"16":{"loc":{"start":{"line":94,"column":4},"end":{"line":94,"column":null}},"type":"cond-expr","locations":[{"start":{"line":94,"column":24},"end":{"line":94,"column":53}},{"start":{"line":94,"column":56},"end":{"line":94,"column":null}}],"line":94}},"s":{"0":2,"1":61,"2":2,"3":5,"4":5,"5":5,"6":5,"7":5,"8":5,"9":5,"10":5,"11":5,"12":5,"13":5,"14":5,"15":5,"16":5,"17":5,"18":5,"19":5,"20":5,"21":5,"22":5,"23":5,"24":5,"25":5,"26":5,"27":5,"28":5,"29":3,"30":5,"31":3,"32":5,"33":3,"34":5,"35":2,"36":2,"37":2,"38":2,"39":2,"40":2,"41":2,"42":2,"43":2,"44":10,"45":10,"46":10,"47":10,"48":10,"49":10,"50":10,"51":10,"52":10,"53":2,"54":2,"55":2,"56":10,"57":2,"58":2,"59":10,"60":2,"61":2},"f":{"0":61,"1":5,"2":2,"3":10,"4":10},"b":{"0":[5],"1":[5],"2":[5,0],"3":[5,0],"4":[5,0],"5":[5,0],"6":[5,0],"7":[3,2],"8":[5,5],"9":[3,2],"10":[3,2],"11":[2],"12":[2],"13":[2],"14":[2],"15":[8,2],"16":[8,2]},"meta":{"lastBranch":17,"lastFunction":5,"lastStatement":62,"seen":{"s:4:13:4:27":0,"f:4:13:4:14":0,"s:4:20:4:27":1,"s:6:34:60:1":2,"f:6:34:6:35":1,"s:11:6:11:11":3,"b:8:33:8:34":0,"b:9:53:9:54":1,"s:13:22:13:58":4,"s:14:21:14:48":5,"s:15:23:15:43":6,"s:16:28:16:68":7,"s:19:14:19:30":8,"s:20:22:20:44":9,"s:21:14:21:31":10,"s:24:27:24:52":11,"s:25:28:25:64":12,"s:26:22:26:42":13,"s:27:20:27:35":14,"s:28:15:29:51":15,"s:31:14:31:24":16,"s:34:19:34:81":17,"s:35:13:35:78":18,"s:36:25:36:34":19,"s:39:18:39:61":20,"b:39:38:39:57:39:60:39:61":2,"s:40:14:40:47":21,"b:40:24:40:43:40:46:40:47":3,"s:41:25:41:76":22,"b:41:45:41:72:41:75:41:76":4,"s:42:21:42:83":23,"b:42:45:42:79:42:82:42:83":5,"s:43:19:43:34":24,"s:44:24:44:51":25,"s:45:29:45:61":26,"b:45:39:45:57:45:60:45:61":6,"s:47:19:47:21":27,"b:48:2:48:Infinity:undefined:undefined:undefined:undefined":7,"s:48:2:48:Infinity":28,"b:48:6:48:19:48:23:48:55":8,"s:48:57:48:Infinity":29,"b:49:2:49:Infinity:undefined:undefined:undefined:undefined":9,"s:49:2:49:Infinity":30,"s:49:27:49:Infinity":31,"b:50:2:50:Infinity:undefined:undefined:undefined:undefined":10,"s:50:2:50:Infinity":32,"s:50:55:50:Infinity":33,"s:52:2:59:Infinity":34,"s:62:34:104:1":35,"f:62:34:62:35":2,"s:63:15:63:40":36,"s:67:6:67:11":37,"b:65:20:65:21":11,"b:65:42:65:43":12,"b:65:63:65:64":13,"b:65:78:65:79":14,"s:69:13:69:32":38,"s:70:13:70:35":39,"s:71:13:71:34":40,"s:73:16:73:18":41,"s:74:2:84:Infinity":42,"s:74:15:74:16":43,"s:75:26:75:61":44,"s:76:23:76:57":45,"s:77:23:77:58":46,"s:78:22:78:76":47,"s:79:16:79:38":48,"s:80:27:80:42":49,"s:81:28:81:95":50,"s:82:19:82:51":51,"s:83:4:83:Infinity":52,"s:87:19:87:39":53,"s:88:22:88:95":54,"s:89:20:91:4":55,"f:89:59:89:60":3,"s:90:4:90:Infinity":56,"b:90:24:90:40:90:43:90:Infinity":15,"s:92:20:92:35":57,"s:93:27:95:3":58,"f:93:37:93:38":4,"s:94:4:94:Infinity":59,"b:94:24:94:53:94:56:94:Infinity":16,"s:96:12:96:69":60,"s:98:2:103:Infinity":61}}}
,"/Users/abdulrehman/Desktop/Harrisburg/ISEM 564/Real estate project/lib/schemas.js": {"path":"/Users/abdulrehman/Desktop/Harrisburg/ISEM 564/Real estate project/lib/schemas.js","statementMap":{"0":{"start":{"line":3,"column":12},"end":{"line":3,"column":38}},"1":{"start":{"line":4,"column":14},"end":{"line":4,"column":31}},"2":{"start":{"line":6,"column":38},"end":{"line":24,"column":2}},"3":{"start":{"line":26,"column":19},"end":{"line":30,"column":2}},"4":{"start":{"line":32,"column":37},"end":{"line":55,"column":2}},"5":{"start":{"line":57,"column":29},"end":{"line":62,"column":1}},"6":{"start":{"line":58,"column":17},"end":{"line":58,"column":39}},"7":{"start":{"line":59,"column":2},"end":{"line":59,"column":null}},"8":{"start":{"line":59,"column":22},"end":{"line":59,"column":null}},"9":{"start":{"line":60,"column":17},"end":{"line":60,"column":84}},"10":{"start":{"line":60,"column":48},"end":{"line":60,"column":83}},"11":{"start":{"line":61,"column":2},"end":{"line":61,"column":null}}},"fnMap":{"0":{"name":"(anonymous_0)","decl":{"start":{"line":57,"column":29},"end":{"line":57,"column":30}},"loc":{"start":{"line":57,"column":47},"end":{"line":62,"column":1}},"line":57},"1":{"name":"(anonymous_1)","decl":{"start":{"line":60,"column":41},"end":{"line":60,"column":42}},"loc":{"start":{"line":60,"column":48},"end":{"line":60,"column":83}},"line":60}},"branchMap":{"0":{"loc":{"start":{"line":59,"column":2},"end":{"line":59,"column":null}},"type":"if","locations":[{"start":{"line":59,"column":2},"end":{"line":59,"column":null}},{"start":{},"end":{}}],"line":59}},"s":{"0":1,"1":1,"2":1,"3":1,"4":1,"5":1,"6":5,"7":5,"8":2,"9":3,"10":16,"11":3},"f":{"0":5,"1":16},"b":{"0":[2,3]},"meta":{"lastBranch":1,"lastFunction":2,"lastStatement":12,"seen":{"s:3:12:3:38":0,"s:4:14:4:31":1,"s:6:38:24:2":2,"s:26:19:30:2":3,"s:32:37:55:2":4,"s:57:29:62:1":5,"f:57:29:57:30":0,"s:58:17:58:39":6,"b:59:2:59:Infinity:undefined:undefined:undefined:undefined":0,"s:59:2:59:Infinity":7,"s:59:22:59:Infinity":8,"s:60:17:60:84":9,"f:60:41:60:42":1,"s:60:48:60:83":10,"s:61:2:61:Infinity":11}}}
,"/Users/abdulrehman/Desktop/Harrisburg/ISEM 564/Real estate project/lib/scoring.js": {"path":"/Users/abdulrehman/Desktop/Harrisburg/ISEM 564/Real estate project/lib/scoring.js","statementMap":{"0":{"start":{"line":3,"column":14},"end":{"line":3,"column":68}},"1":{"start":{"line":3,"column":39},"end":{"line":3,"column":68}},"2":{"start":{"line":4,"column":14},"end":{"line":4,"column":64}},"3":{"start":{"line":4,"column":29},"end":{"line":4,"column":64}},"4":{"start":{"line":5,"column":17},"end":{"line":5,"column":41}},"5":{"start":{"line":7,"column":16},"end":{"line":10,"column":1}},"6":{"start":{"line":12,"column":30},"end":{"line":45,"column":1}},"7":{"start":{"line":13,"column":18},"end":{"line":13,"column":62}},"8":{"start":{"line":14,"column":19},"end":{"line":14,"column":77}},"9":{"start":{"line":15,"column":19},"end":{"line":15,"column":43}},"10":{"start":{"line":17,"column":18},"end":{"line":17,"column":55}},"11":{"start":{"line":18,"column":17},"end":{"line":18,"column":66}},"12":{"start":{"line":19,"column":18},"end":{"line":19,"column":40}},"13":{"start":{"line":21,"column":18},"end":{"line":21,"column":46}},"14":{"start":{"line":22,"column":18},"end":{"line":22,"column":105}},"15":{"start":{"line":23,"column":20},"end":{"line":23,"column":43}},"16":{"start":{"line":25,"column":17},"end":{"line":25,"column":53}},"17":{"start":{"line":27,"column":18},"end":{"line":27,"column":83}},"18":{"start":{"line":28,"column":17},"end":{"line":28,"column":47}},"19":{"start":{"line":29,"column":22},"end":{"line":29,"column":44}},"20":{"start":{"line":31,"column":20},"end":{"line":31,"column":53}},"21":{"start":{"line":33,"column":21},"end":{"line":33,"column":85}},"22":{"start":{"line":35,"column":4},"end":{"line":36,"column":95}},"23":{"start":{"line":38,"column":14},"end":{"line":38,"column":17}},"24":{"start":{"line":39,"column":2},"end":{"line":42,"column":null}},"25":{"start":{"line":39,"column":19},"end":{"line":39,"column":null}},"26":{"start":{"line":40,"column":7},"end":{"line":42,"column":null}},"27":{"start":{"line":40,"column":24},"end":{"line":40,"column":null}},"28":{"start":{"line":41,"column":7},"end":{"line":42,"column":null}},"29":{"start":{"line":41,"column":24},"end":{"line":41,"column":null}},"30":{"start":{"line":42,"column":7},"end":{"line":42,"column":null}},"31":{"start":{"line":42,"column":24},"end":{"line":42,"column":null}},"32":{"start":{"line":44,"column":2},"end":{"line":44,"column":null}},"33":{"start":{"line":47,"column":28},"end":{"line":62,"column":1}},"34":{"start":{"line":48,"column":16},"end":{"line":48,"column":18}},"35":{"start":{"line":49,"column":2},"end":{"line":50,"column":null}},"36":{"start":{"line":50,"column":4},"end":{"line":50,"column":null}},"37":{"start":{"line":51,"column":2},"end":{"line":52,"column":null}},"38":{"start":{"line":52,"column":4},"end":{"line":52,"column":null}},"39":{"start":{"line":53,"column":2},"end":{"line":54,"column":null}},"40":{"start":{"line":54,"column":4},"end":{"line":54,"column":null}},"41":{"start":{"line":55,"column":2},"end":{"line":56,"column":null}},"42":{"start":{"line":56,"column":4},"end":{"line":56,"column":null}},"43":{"start":{"line":57,"column":2},"end":{"line":58,"column":null}},"44":{"start":{"line":58,"column":4},"end":{"line":58,"column":null}},"45":{"start":{"line":59,"column":2},"end":{"line":60,"column":null}},"46":{"start":{"line":60,"column":4},"end":{"line":60,"column":null}},"47":{"start":{"line":61,"column":2},"end":{"line":61,"column":null}},"48":{"start":{"line":64,"column":25},"end":{"line":75,"column":1}},"49":{"start":{"line":77,"column":27},"end":{"line":86,"column":4}},"50":{"start":{"line":78,"column":2},"end":{"line":86,"column":4}},"51":{"start":{"line":79,"column":19},"end":{"line":79,"column":36}},"52":{"start":{"line":80,"column":4},"end":{"line":85,"column":null}},"53":{"start":{"line":88,"column":31},"end":{"line":93,"column":1}},"54":{"start":{"line":89,"column":16},"end":{"line":91,"column":3}},"55":{"start":{"line":90,"column":4},"end":{"line":90,"column":null}},"56":{"start":{"line":90,"column":26},"end":{"line":90,"column":65}},"57":{"start":{"line":92,"column":2},"end":{"line":92,"column":null}}},"fnMap":{"0":{"name":"(anonymous_0)","decl":{"start":{"line":3,"column":14},"end":{"line":3,"column":15}},"loc":{"start":{"line":3,"column":39},"end":{"line":3,"column":68}},"line":3},"1":{"name":"(anonymous_1)","decl":{"start":{"line":4,"column":14},"end":{"line":4,"column":15}},"loc":{"start":{"line":4,"column":29},"end":{"line":4,"column":64}},"line":4},"2":{"name":"(anonymous_2)","decl":{"start":{"line":12,"column":30},"end":{"line":12,"column":31}},"loc":{"start":{"line":12,"column":37},"end":{"line":45,"column":1}},"line":12},"3":{"name":"(anonymous_3)","decl":{"start":{"line":47,"column":28},"end":{"line":47,"column":29}},"loc":{"start":{"line":47,"column":35},"end":{"line":62,"column":1}},"line":47},"4":{"name":"(anonymous_4)","decl":{"start":{"line":77,"column":27},"end":{"line":77,"column":28}},"loc":{"start":{"line":78,"column":2},"end":{"line":86,"column":4}},"line":78},"5":{"name":"(anonymous_5)","decl":{"start":{"line":78,"column":23},"end":{"line":78,"column":24}},"loc":{"start":{"line":78,"column":49},"end":{"line":86,"column":3}},"line":78},"6":{"name":"(anonymous_6)","decl":{"start":{"line":88,"column":31},"end":{"line":88,"column":32}},"loc":{"start":{"line":88,"column":86},"end":{"line":93,"column":1}},"line":88},"7":{"name":"(anonymous_7)","decl":{"start":{"line":89,"column":30},"end":{"line":89,"column":31}},"loc":{"start":{"line":90,"column":4},"end":{"line":90,"column":null}},"line":90},"8":{"name":"(anonymous_8)","decl":{"start":{"line":90,"column":18},"end":{"line":90,"column":19}},"loc":{"start":{"line":90,"column":26},"end":{"line":90,"column":65}},"line":90}},"branchMap":{"0":{"loc":{"start":{"line":3,"column":18},"end":{"line":3,"column":24}},"type":"default-arg","locations":[{"start":{"line":3,"column":23},"end":{"line":3,"column":24}}],"line":3},"1":{"loc":{"start":{"line":3,"column":26},"end":{"line":3,"column":34}},"type":"default-arg","locations":[{"start":{"line":3,"column":31},"end":{"line":3,"column":34}}],"line":3},"2":{"loc":{"start":{"line":25,"column":23},"end":{"line":25,"column":52}},"type":"binary-expr","locations":[{"start":{"line":25,"column":23},"end":{"line":25,"column":46}},{"start":{"line":25,"column":50},"end":{"line":25,"column":52}}],"line":25},"3":{"loc":{"start":{"line":31,"column":27},"end":{"line":31,"column":45}},"type":"binary-expr","locations":[{"start":{"line":31,"column":27},"end":{"line":31,"column":38}},{"start":{"line":31,"column":42},"end":{"line":31,"column":45}}],"line":31},"4":{"loc":{"start":{"line":39,"column":2},"end":{"line":42,"column":null}},"type":"if","locations":[{"start":{"line":39,"column":2},"end":{"line":42,"column":null}},{"start":{"line":40,"column":7},"end":{"line":42,"column":null}}],"line":39},"5":{"loc":{"start":{"line":40,"column":7},"end":{"line":42,"column":null}},"type":"if","locations":[{"start":{"line":40,"column":7},"end":{"line":42,"column":null}},{"start":{"line":41,"column":7},"end":{"line":42,"column":null}}],"line":40},"6":{"loc":{"start":{"line":41,"column":7},"end":{"line":42,"column":null}},"type":"if","locations":[{"start":{"line":41,"column":7},"end":{"line":42,"column":null}},{"start":{"line":42,"column":7},"end":{"line":42,"column":null}}],"line":41},"7":{"loc":{"start":{"line":42,"column":7},"end":{"line":42,"column":null}},"type":"if","locations":[{"start":{"line":42,"column":7},"end":{"line":42,"column":null}},{"start":{},"end":{}}],"line":42},"8":{"loc":{"start":{"line":49,"column":2},"end":{"line":50,"column":null}},"type":"if","locations":[{"start":{"line":49,"column":2},"end":{"line":50,"column":null}},{"start":{},"end":{}}],"line":49},"9":{"loc":{"start":{"line":51,"column":2},"end":{"line":52,"column":null}},"type":"if","locations":[{"start":{"line":51,"column":2},"end":{"line":52,"column":null}},{"start":{},"end":{}}],"line":51},"10":{"loc":{"start":{"line":53,"column":2},"end":{"line":54,"column":null}},"type":"if","locations":[{"start":{"line":53,"column":2},"end":{"line":54,"column":null}},{"start":{},"end":{}}],"line":53},"11":{"loc":{"start":{"line":55,"column":2},"end":{"line":56,"column":null}},"type":"if","locations":[{"start":{"line":55,"column":2},"end":{"line":56,"column":null}},{"start":{},"end":{}}],"line":55},"12":{"loc":{"start":{"line":55,"column":6},"end":{"line":55,"column":53}},"type":"binary-expr","locations":[{"start":{"line":55,"column":6},"end":{"line":55,"column":25}},{"start":{"line":55,"column":29},"end":{"line":55,"column":53}}],"line":55},"13":{"loc":{"start":{"line":57,"column":2},"end":{"line":58,"column":null}},"type":"if","locations":[{"start":{"line":57,"column":2},"end":{"line":58,"column":null}},{"start":{},"end":{}}],"line":57},"14":{"loc":{"start":{"line":57,"column":6},"end":{"line":57,"column":62}},"type":"binary-expr","locations":[{"start":{"line":57,"column":6},"end":{"line":57,"column":21}},{"start":{"line":57,"column":25},"end":{"line":57,"column":62}}],"line":57},"15":{"loc":{"start":{"line":59,"column":2},"end":{"line":60,"column":null}},"type":"if","locations":[{"start":{"line":59,"column":2},"end":{"line":60,"column":null}},{"start":{},"end":{}}],"line":59},"16":{"loc":{"start":{"line":59,"column":6},"end":{"line":59,"column":92}},"type":"binary-expr","locations":[{"start":{"line":59,"column":6},"end":{"line":59,"column":27}},{"start":{"line":59,"column":31},"end":{"line":59,"column":55}},{"start":{"line":59,"column":59},"end":{"line":59,"column":92}}],"line":59}},"s":{"0":1,"1":50,"2":1,"3":40,"4":1,"5":1,"6":1,"7":5,"8":5,"9":5,"10":5,"11":5,"12":5,"13":5,"14":5,"15":5,"16":5,"17":5,"18":5,"19":5,"20":5,"21":5,"22":5,"23":5,"24":5,"25":3,"26":2,"27":0,"28":2,"29":0,"30":2,"31":0,"32":5,"33":1,"34":4,"35":4,"36":1,"37":4,"38":1,"39":4,"40":1,"41":4,"42":2,"43":4,"44":1,"45":4,"46":2,"47":4,"48":1,"49":1,"50":1,"51":10,"52":10,"53":1,"54":1,"55":3,"56":9,"57":1},"f":{"0":50,"1":40,"2":5,"3":4,"4":1,"5":10,"6":1,"7":3,"8":9},"b":{"0":[50],"1":[50],"2":[5,0],"3":[5,0],"4":[3,2],"5":[0,2],"6":[0,2],"7":[0,2],"8":[1,3],"9":[1,3],"10":[1,3],"11":[2,2],"12":[4,2],"13":[1,3],"14":[4,4],"15":[2,2],"16":[4,4,4]},"meta":{"lastBranch":17,"lastFunction":9,"lastStatement":58,"seen":{"s:3:14:3:68":0,"f:3:14:3:15":0,"s:3:39:3:68":1,"b:3:23:3:24":0,"b:3:31:3:34":1,"s:4:14:4:64":2,"f:4:14:4:15":1,"s:4:29:4:64":3,"s:5:17:5:41":4,"s:7:16:10:1":5,"s:12:30:45:1":6,"f:12:30:12:31":2,"s:13:18:13:62":7,"s:14:19:14:77":8,"s:15:19:15:43":9,"s:17:18:17:55":10,"s:18:17:18:66":11,"s:19:18:19:40":12,"s:21:18:21:46":13,"s:22:18:22:105":14,"s:23:20:23:43":15,"s:25:17:25:53":16,"b:25:23:25:46:25:50:25:52":2,"s:27:18:27:83":17,"s:28:17:28:47":18,"s:29:22:29:44":19,"s:31:20:31:53":20,"b:31:27:31:38:31:42:31:45":3,"s:33:21:33:85":21,"s:35:4:36:95":22,"s:38:14:38:17":23,"b:39:2:42:Infinity:40:7:42:Infinity":4,"s:39:2:42:Infinity":24,"s:39:19:39:Infinity":25,"b:40:7:42:Infinity:41:7:42:Infinity":5,"s:40:7:42:Infinity":26,"s:40:24:40:Infinity":27,"b:41:7:42:Infinity:42:7:42:Infinity":6,"s:41:7:42:Infinity":28,"s:41:24:41:Infinity":29,"b:42:7:42:Infinity:undefined:undefined:undefined:undefined":7,"s:42:7:42:Infinity":30,"s:42:24:42:Infinity":31,"s:44:2:44:Infinity":32,"s:47:28:62:1":33,"f:47:28:47:29":3,"s:48:16:48:18":34,"b:49:2:50:Infinity:undefined:undefined:undefined:undefined":8,"s:49:2:50:Infinity":35,"s:50:4:50:Infinity":36,"b:51:2:52:Infinity:undefined:undefined:undefined:undefined":9,"s:51:2:52:Infinity":37,"s:52:4:52:Infinity":38,"b:53:2:54:Infinity:undefined:undefined:undefined:undefined":10,"s:53:2:54:Infinity":39,"s:54:4:54:Infinity":40,"b:55:2:56:Infinity:undefined:undefined:undefined:undefined":11,"s:55:2:56:Infinity":41,"b:55:6:55:25:55:29:55:53":12,"s:56:4:56:Infinity":42,"b:57:2:58:Infinity:undefined:undefined:undefined:undefined":13,"s:57:2:58:Infinity":43,"b:57:6:57:21:57:25:57:62":14,"s:58:4:58:Infinity":44,"b:59:2:60:Infinity:undefined:undefined:undefined:undefined":15,"s:59:2:60:Infinity":45,"b:59:6:59:27:59:31:59:55:59:59:59:92":16,"s:60:4:60:Infinity":46,"s:61:2:61:Infinity":47,"s:64:25:75:1":48,"s:77:27:86:4":49,"f:77:27:77:28":4,"s:78:2:86:4":50,"f:78:23:78:24":5,"s:79:19:79:36":51,"s:80:4:85:Infinity":52,"s:88:31:93:1":53,"f:88:31:88:32":6,"s:89:16:91:3":54,"f:89:30:89:31":7,"s:90:4:90:Infinity":55,"f:90:18:90:19":8,"s:90:26:90:65":56,"s:92:2:92:Infinity":57}}}
}
